This file contains any messages produced by compilers while
running configure, to aid debugging if configure makes a mistake.

It was created by Websockets Doom configure 0.0.1, which was
generated by GNU Autoconf 2.69.  Invocation command line was

  $ ./configure --host=none-none-none

## --------- ##
## Platform. ##
## --------- ##

hostname = 8dcca9ab2c1b
uname -m = x86_64
uname -r = 5.10.102.1-microsoft-standard-WSL2
uname -s = Linux
uname -v = #1 SMP Wed Mar 2 00:30:59 UTC 2022

/usr/bin/uname -p = unknown
/bin/uname -X     = unknown

/bin/arch              = unknown
/usr/bin/arch -k       = unknown
/usr/convex/getsysinfo = unknown
/usr/bin/hostinfo      = unknown
/bin/machine           = unknown
/usr/bin/oslevel       = unknown
/bin/universe          = unknown

PATH: /workspaces/doom-wasm/emsdk/upstream/emscripten/cache/sysroot/bin
PATH: /workspaces/doom-wasm/emsdk
PATH: /workspaces/doom-wasm/emsdk/upstream/emscripten
PATH: /workspaces/doom-wasm/emsdk/node/14.18.2_64bit/bin
PATH: /vscode/vscode-server/bin/linux-x64/3b889b090b5ad5793f524b5d1d39fda662b96a2a/bin/remote-cli
PATH: /usr/local/sbin
PATH: /usr/local/bin
PATH: /usr/sbin
PATH: /usr/bin
PATH: /sbin
PATH: /bin
PATH: /home/vscode/.local/bin


## ----------- ##
## Core tests. ##
## ----------- ##

configure:2334: checking build system type
configure:2348: result: x86_64-pc-linux-gnu
configure:2368: checking host system type
configure:2381: result: none-none-none
configure:2415: checking for none-none-none-gcc
configure:2442: result: /workspaces/doom-wasm/emsdk/upstream/emscripten/emcc
configure:2711: checking for C compiler version
configure:2720: /workspaces/doom-wasm/emsdk/upstream/emscripten/emcc --version >&5
emcc (Emscripten gcc/clang-like replacement + linker emulating GNU ld) 3.1.17 (fbc532773d84d2bd7da876275671970e792ad1cd)
Copyright (C) 2014 the Emscripten authors (see AUTHORS.txt)
This is free and open source software under the MIT license.
There is NO warranty; not even for MERCHANTABILITY or FITNESS FOR A PARTICULAR PURPOSE.

configure:2731: $? = 0
configure:2720: /workspaces/doom-wasm/emsdk/upstream/emscripten/emcc -v >&5
emcc (Emscripten gcc/clang-like replacement + linker emulating GNU ld) 3.1.17 (fbc532773d84d2bd7da876275671970e792ad1cd)
clang version 15.0.0 (https://github.com/llvm/llvm-project 17e4c217b66305e60657a48f10fe3c428c2fe4d2)
Target: wasm32-unknown-emscripten
Thread model: posix
InstalledDir: /workspaces/doom-wasm/emsdk/upstream/bin
configure:2731: $? = 0
configure:2720: /workspaces/doom-wasm/emsdk/upstream/emscripten/emcc -V >&5
emcc: error: no input files
configure:2731: $? = 1
configure:2720: /workspaces/doom-wasm/emsdk/upstream/emscripten/emcc -qversion >&5
emcc: error: no input files
configure:2731: $? = 1
configure:2751: checking whether the C compiler works
configure:2773: /workspaces/doom-wasm/emsdk/upstream/emscripten/emcc    conftest.c  >&5
configure:2777: $? = 0
configure:2825: result: yes
configure:2828: checking for C compiler default output file name
configure:2830: result: a.out
configure:2836: checking for suffix of executables
configure:2843: /workspaces/doom-wasm/emsdk/upstream/emscripten/emcc -o conftest.html    conftest.c  >&5
configure:2847: $? = 0
configure:2869: result: .html
configure:2891: checking whether we are cross compiling
configure:2899: /workspaces/doom-wasm/emsdk/upstream/emscripten/emcc -o conftest.html    conftest.c  >&5
configure:2903: $? = 0
configure:2910: ./conftest.html
./configure: line 2912: ./conftest.html: Permission denied
configure:2914: $? = 126
configure:2929: result: yes
configure:2934: checking for suffix of object files
configure:2956: /workspaces/doom-wasm/emsdk/upstream/emscripten/emcc -c   conftest.c >&5
configure:2960: $? = 0
configure:2981: result: o
configure:2985: checking whether we are using the GNU C compiler
configure:3004: /workspaces/doom-wasm/emsdk/upstream/emscripten/emcc -c   conftest.c >&5
configure:3004: $? = 0
configure:3013: result: yes
configure:3022: checking whether /workspaces/doom-wasm/emsdk/upstream/emscripten/emcc accepts -g
configure:3042: /workspaces/doom-wasm/emsdk/upstream/emscripten/emcc -c -g  conftest.c >&5
configure:3042: $? = 0
configure:3083: result: yes
configure:3100: checking for /workspaces/doom-wasm/emsdk/upstream/emscripten/emcc option to accept ISO C89
configure:3163: /workspaces/doom-wasm/emsdk/upstream/emscripten/emcc  -c -g -O2  conftest.c >&5
conftest.c:15:14: warning: a function definition without a prototype is deprecated in all versions of C and is not supported in C2x [-Wdeprecated-non-prototype]
static char *e (p, i)
             ^
1 warning generated.
configure:3163: $? = 0
configure:3176: result: none needed
configure:3201: checking whether /workspaces/doom-wasm/emsdk/upstream/emscripten/emcc understands -c and -o together
configure:3223: /workspaces/doom-wasm/emsdk/upstream/emscripten/emcc -c conftest.c -o conftest2.o
configure:3226: $? = 0
configure:3223: /workspaces/doom-wasm/emsdk/upstream/emscripten/emcc -c conftest.c -o conftest2.o
configure:3226: $? = 0
configure:3238: result: yes
configure:3261: checking for none-none-none-ar
configure:3288: result: /workspaces/doom-wasm/emsdk/upstream/emscripten/emar
configure:3358: checking the archiver (/workspaces/doom-wasm/emsdk/upstream/emscripten/emar) interface
configure:3374: /workspaces/doom-wasm/emsdk/upstream/emscripten/emcc -c -g -O2  conftest.c >&5
configure:3374: $? = 0
configure:3376: /workspaces/doom-wasm/emsdk/upstream/emscripten/emar cru libconftest.a conftest.o >&5
configure:3379: $? = 0
configure:3407: result: ar
configure:3435: checking for none-none-none-gcc
configure:3462: result: /workspaces/doom-wasm/emsdk/upstream/emscripten/emcc
configure:3731: checking for C compiler version
configure:3740: /workspaces/doom-wasm/emsdk/upstream/emscripten/emcc --version >&5
emcc (Emscripten gcc/clang-like replacement + linker emulating GNU ld) 3.1.17 (fbc532773d84d2bd7da876275671970e792ad1cd)
Copyright (C) 2014 the Emscripten authors (see AUTHORS.txt)
This is free and open source software under the MIT license.
There is NO warranty; not even for MERCHANTABILITY or FITNESS FOR A PARTICULAR PURPOSE.

configure:3751: $? = 0
configure:3740: /workspaces/doom-wasm/emsdk/upstream/emscripten/emcc -v >&5
emcc (Emscripten gcc/clang-like replacement + linker emulating GNU ld) 3.1.17 (fbc532773d84d2bd7da876275671970e792ad1cd)
clang version 15.0.0 (https://github.com/llvm/llvm-project 17e4c217b66305e60657a48f10fe3c428c2fe4d2)
Target: wasm32-unknown-emscripten
Thread model: posix
InstalledDir: /workspaces/doom-wasm/emsdk/upstream/bin
configure:3751: $? = 0
configure:3740: /workspaces/doom-wasm/emsdk/upstream/emscripten/emcc -V >&5
emcc: error: no input files
configure:3751: $? = 1
configure:3740: /workspaces/doom-wasm/emsdk/upstream/emscripten/emcc -qversion >&5
emcc: error: no input files
configure:3751: $? = 1
configure:3755: checking whether we are using the GNU C compiler
configure:3783: result: yes
configure:3792: checking whether /workspaces/doom-wasm/emsdk/upstream/emscripten/emcc accepts -g
configure:3853: result: yes
configure:3870: checking for /workspaces/doom-wasm/emsdk/upstream/emscripten/emcc option to accept ISO C89
configure:3946: result: none needed
configure:3971: checking whether /workspaces/doom-wasm/emsdk/upstream/emscripten/emcc understands -c and -o together
configure:4008: result: yes
configure:4028: checking for none-none-none-ranlib
configure:4055: result: /workspaces/doom-wasm/emsdk/upstream/emscripten/emranlib
configure:4119: checking for python3
configure:4135: found /usr/bin/python3
configure:4147: result: true
configure:4265: checking for none-none-none-pkg-config
configure:4298: result: no
configure:4308: checking for pkg-config
configure:4326: found /usr/bin/pkg-config
configure:4338: result: /usr/bin/pkg-config
configure:4350: WARNING: using cross tools not prefixed with host triplet
configure:4363: checking pkg-config is at least version 0.9.0
configure:4366: result: yes
configure:4378: checking for samplerate >= 0.1.8
configure:4385: $PKG_CONFIG --exists --print-errors "samplerate >= 0.1.8"
Package samplerate was not found in the pkg-config search path.
Perhaps you should add the directory containing `samplerate.pc'
to the PKG_CONFIG_PATH environment variable
No package 'samplerate' found
configure:4388: $? = 1
configure:4402: $PKG_CONFIG --exists --print-errors "samplerate >= 0.1.8"
Package samplerate was not found in the pkg-config search path.
Perhaps you should add the directory containing `samplerate.pc'
to the PKG_CONFIG_PATH environment variable
No package 'samplerate' found
configure:4405: $? = 1
configure:4419: result: no
No package 'samplerate' found
configure:4485: checking for libpng >= 1.2.50
configure:4492: $PKG_CONFIG --exists --print-errors "libpng >= 1.2.50"
Package libpng was not found in the pkg-config search path.
Perhaps you should add the directory containing `libpng.pc'
to the PKG_CONFIG_PATH environment variable
No package 'libpng' found
configure:4495: $? = 1
configure:4509: $PKG_CONFIG --exists --print-errors "libpng >= 1.2.50"
Package libpng was not found in the pkg-config search path.
Perhaps you should add the directory containing `libpng.pc'
to the PKG_CONFIG_PATH environment variable
No package 'libpng' found
configure:4512: $? = 1
configure:4526: result: no
No package 'libpng' found
configure:4584: checking for log in -lm
configure:4609: /workspaces/doom-wasm/emsdk/upstream/emscripten/emcc -o conftest.html -O3 -g -Wall -Wdeclaration-after-statement -Wredundant-decls     -gsource-map -s INVOKE_RUN=1 -s USE_SDL=2 -s USE_SDL_MIXER=2 -s LEGACY_GL_EMULATION=0 -s USE_SDL_NET=2 -s ASSERTIONS=0 -s WASM=1 -s ALLOW_MEMORY_GROWTH=0 -s FORCE_FILESYSTEM=1 -s EXTRA_EXPORTED_RUNTIME_METHODS=['FS','ccall'] -s SAFE_HEAP=1 -s EXIT_RUNTIME=1 -s STACK_OVERFLOW_CHECK=1 -s PROXY_POSIX_SOCKETS=0 -s USE_PTHREADS=0 -s PROXY_TO_PTHREAD=0 -s TOTAL_MEMORY=64MB -s ERROR_ON_UNDEFINED_SYMBOLS=0 -s ASYNCIFY -O3 --source-map-base /      -gsource-map -s INVOKE_RUN=1 -s USE_SDL=2 -s USE_SDL_MIXER=2 -s LEGACY_GL_EMULATION=0 -s USE_SDL_NET=2 -s ASSERTIONS=0 -s WASM=1 -s ALLOW_MEMORY_GROWTH=0 -s FORCE_FILESYSTEM=1 -s EXTRA_EXPORTED_RUNTIME_METHODS=['FS','ccall'] -s SAFE_HEAP=1 -s EXIT_RUNTIME=1 -s STACK_OVERFLOW_CHECK=1 -s PROXY_POSIX_SOCKETS=0 -s USE_PTHREADS=0 -s PROXY_TO_PTHREAD=0 -s TOTAL_MEMORY=64MB -s ERROR_ON_UNDEFINED_SYMBOLS=0 -s ASYNCIFY -O3 --source-map-base / -lwebsocket.js conftest.c -lm   >&5
ports:INFO: retrieving port: ogg from https://github.com/emscripten-ports/ogg/archive/version_1.zip
ports:INFO: unpacking port: ogg
cache:INFO: generating system library: sysroot/lib/wasm32-emscripten/libogg.a... (this will be cached in "/workspaces/doom-wasm/emsdk/upstream/emscripten/cache/sysroot/lib/wasm32-emscripten/libogg.a" for subsequent builds)
root:INFO: building port: ogg
cache:INFO:  - ok
ports:INFO: retrieving port: vorbis from https://github.com/emscripten-ports/vorbis/archive/version_1.zip
ports:INFO: unpacking port: vorbis
cache:INFO: generating system library: sysroot/lib/wasm32-emscripten/libvorbis.a... (this will be cached in "/workspaces/doom-wasm/emsdk/upstream/emscripten/cache/sysroot/lib/wasm32-emscripten/libvorbis.a" for subsequent builds)
root:INFO: building port: vorbis
cache:INFO:  - ok
ports:INFO: retrieving port: sdl2 from https://github.com/libsdl-org/SDL/archive/0fcfaf9e9482953ee425cc15b91160b92de3df7f.zip
ports:INFO: unpacking port: sdl2
cache:INFO: generating port: sysroot/lib/wasm32-emscripten/libSDL2.a... (this will be cached in "/workspaces/doom-wasm/emsdk/upstream/emscripten/cache/sysroot/lib/wasm32-emscripten/libSDL2.a" for subsequent builds)
cache:INFO:  - ok
ports:INFO: retrieving port: sdl2_mixer from https://github.com/libsdl-org/SDL_mixer/archive/release-2.0.4.zip
ports:INFO: unpacking port: sdl2_mixer
cache:INFO: generating port: sysroot/lib/wasm32-emscripten/libSDL2_mixer_ogg.a... (this will be cached in "/workspaces/doom-wasm/emsdk/upstream/emscripten/cache/sysroot/lib/wasm32-emscripten/libSDL2_mixer_ogg.a" for subsequent builds)
root:INFO: building port: sdl2_mixer
cache:INFO:  - ok
ports:INFO: retrieving port: sdl2_net from https://github.com/emscripten-ports/SDL2_net/archive/version_2.zip
ports:INFO: unpacking port: sdl2_net
cache:INFO: generating port: sysroot/lib/wasm32-emscripten/libSDL2_net.a... (this will be cached in "/workspaces/doom-wasm/emsdk/upstream/emscripten/cache/sysroot/lib/wasm32-emscripten/libSDL2_net.a" for subsequent builds)
root:INFO: building port: sdl2_net
cache:INFO:  - ok
conftest.c:16:6: warning: incompatible redeclaration of library function 'log' [-Wincompatible-library-redeclaration]
char log ();
     ^
conftest.c:16:6: note: 'log' is a builtin with type 'double (double)'
1 warning generated.
emcc: warning: EXTRA_EXPORTED_RUNTIME_METHODS is deprecated, please use EXPORTED_RUNTIME_METHODS instead [-Wdeprecated]
wasm-ld: warning: function signature mismatch: log
>>> defined as () -> i32 in /tmp/emscripten_temp_hy3twir8/conftest_0.o
>>> defined as (f64) -> f64 in /workspaces/doom-wasm/emsdk/upstream/emscripten/cache/sysroot/lib/wasm32-emscripten/libc.a(log.o)
emcc: warning: running limited binaryen optimizations because DWARF info requested (or indirectly required) [-Wlimited-postlink-optimizations]
configure:4609: $? = 0
configure:4618: result: yes
configure:4635: checking how to run the C preprocessor
configure:4666: /workspaces/doom-wasm/emsdk/upstream/emscripten/emcc -E  conftest.c
configure:4666: $? = 0
configure:4680: /workspaces/doom-wasm/emsdk/upstream/emscripten/emcc -E  conftest.c
conftest.c:10:10: fatal error: 'ac_nonexistent.h' file not found
#include <ac_nonexistent.h>
         ^~~~~~~~~~~~~~~~~~
1 error generated.
emcc: error: '/workspaces/doom-wasm/emsdk/upstream/bin/clang -target wasm32-unknown-emscripten -DEMSCRIPTEN -D__EMSCRIPTEN_major__=3 -D__EMSCRIPTEN_minor__=1 -D__EMSCRIPTEN_tiny__=17 -fignore-exceptions -fvisibility=default -mllvm -combiner-global-alias-analysis=false -mllvm -enable-emscripten-sjlj -mllvm -disable-lsr -Werror=implicit-function-declaration -Xclang -iwithsysroot/include/SDL --sysroot=/workspaces/doom-wasm/emsdk/upstream/emscripten/cache/sysroot -Xclang -iwithsysroot/include/compat -E conftest.c' failed (returned 1)
configure:4680: $? = 1
configure: failed program was:
| /* confdefs.h */
| #define PACKAGE_NAME "Websockets Doom"
| #define PACKAGE_TARNAME "doom-ws-wasm"
| #define PACKAGE_VERSION "0.0.1"
| #define PACKAGE_STRING "Websockets Doom 0.0.1"
| #define PACKAGE_BUGREPORT "celso@cloudflare.com"
| #define PACKAGE_URL ""
| #define HAVE_LIBM 1
| /* end confdefs.h.  */
| #include <ac_nonexistent.h>
configure:4705: result: /workspaces/doom-wasm/emsdk/upstream/emscripten/emcc -E
configure:4725: /workspaces/doom-wasm/emsdk/upstream/emscripten/emcc -E  conftest.c
configure:4725: $? = 0
configure:4739: /workspaces/doom-wasm/emsdk/upstream/emscripten/emcc -E  conftest.c
conftest.c:10:10: fatal error: 'ac_nonexistent.h' file not found
#include <ac_nonexistent.h>
         ^~~~~~~~~~~~~~~~~~
1 error generated.
emcc: error: '/workspaces/doom-wasm/emsdk/upstream/bin/clang -target wasm32-unknown-emscripten -DEMSCRIPTEN -D__EMSCRIPTEN_major__=3 -D__EMSCRIPTEN_minor__=1 -D__EMSCRIPTEN_tiny__=17 -fignore-exceptions -fvisibility=default -mllvm -combiner-global-alias-analysis=false -mllvm -enable-emscripten-sjlj -mllvm -disable-lsr -Werror=implicit-function-declaration -Xclang -iwithsysroot/include/SDL --sysroot=/workspaces/doom-wasm/emsdk/upstream/emscripten/cache/sysroot -Xclang -iwithsysroot/include/compat -E conftest.c' failed (returned 1)
configure:4739: $? = 1
configure: failed program was:
| /* confdefs.h */
| #define PACKAGE_NAME "Websockets Doom"
| #define PACKAGE_TARNAME "doom-ws-wasm"
| #define PACKAGE_VERSION "0.0.1"
| #define PACKAGE_STRING "Websockets Doom 0.0.1"
| #define PACKAGE_BUGREPORT "celso@cloudflare.com"
| #define PACKAGE_URL ""
| #define HAVE_LIBM 1
| /* end confdefs.h.  */
| #include <ac_nonexistent.h>
configure:4768: checking for grep that handles long lines and -e
configure:4826: result: /bin/grep
configure:4831: checking for egrep
configure:4893: result: /bin/grep -E
configure:4898: checking for ANSI C header files
configure:4918: /workspaces/doom-wasm/emsdk/upstream/emscripten/emcc -c -O3 -g -Wall -Wdeclaration-after-statement -Wredundant-decls     -gsource-map -s INVOKE_RUN=1 -s USE_SDL=2 -s USE_SDL_MIXER=2 -s LEGACY_GL_EMULATION=0 -s USE_SDL_NET=2 -s ASSERTIONS=0 -s WASM=1 -s ALLOW_MEMORY_GROWTH=0 -s FORCE_FILESYSTEM=1 -s EXTRA_EXPORTED_RUNTIME_METHODS=['FS','ccall'] -s SAFE_HEAP=1 -s EXIT_RUNTIME=1 -s STACK_OVERFLOW_CHECK=1 -s PROXY_POSIX_SOCKETS=0 -s USE_PTHREADS=0 -s PROXY_TO_PTHREAD=0 -s TOTAL_MEMORY=64MB -s ERROR_ON_UNDEFINED_SYMBOLS=0 -s ASYNCIFY -O3 --source-map-base /  conftest.c >&5
emcc: warning: linker setting ignored during compilation: 'INVOKE_RUN' [-Wunused-command-line-argument]
emcc: warning: linker setting ignored during compilation: 'LEGACY_GL_EMULATION' [-Wunused-command-line-argument]
emcc: warning: linker setting ignored during compilation: 'ASSERTIONS' [-Wunused-command-line-argument]
emcc: warning: linker setting ignored during compilation: 'WASM' [-Wunused-command-line-argument]
emcc: warning: linker setting ignored during compilation: 'ALLOW_MEMORY_GROWTH' [-Wunused-command-line-argument]
emcc: warning: linker setting ignored during compilation: 'FORCE_FILESYSTEM' [-Wunused-command-line-argument]
emcc: warning: linker setting ignored during compilation: 'EXTRA_EXPORTED_RUNTIME_METHODS' [-Wunused-command-line-argument]
emcc: warning: linker setting ignored during compilation: 'SAFE_HEAP' [-Wunused-command-line-argument]
emcc: warning: linker setting ignored during compilation: 'EXIT_RUNTIME' [-Wunused-command-line-argument]
emcc: warning: linker setting ignored during compilation: 'STACK_OVERFLOW_CHECK' [-Wunused-command-line-argument]
emcc: warning: linker setting ignored during compilation: 'PROXY_POSIX_SOCKETS' [-Wunused-command-line-argument]
emcc: warning: linker setting ignored during compilation: 'PROXY_TO_PTHREAD' [-Wunused-command-line-argument]
emcc: warning: linker setting ignored during compilation: 'TOTAL_MEMORY' [-Wunused-command-line-argument]
emcc: warning: linker setting ignored during compilation: 'ERROR_ON_UNDEFINED_SYMBOLS' [-Wunused-command-line-argument]
emcc: warning: linker setting ignored during compilation: 'ASYNCIFY' [-Wunused-command-line-argument]
emcc: warning: linker flag ignored during compilation: '--source-map-base' [-Wunused-command-line-argument]
configure:4918: $? = 0
configure:5002: result: yes
configure:5015: checking for sys/types.h
configure:5015: /workspaces/doom-wasm/emsdk/upstream/emscripten/emcc -c -O3 -g -Wall -Wdeclaration-after-statement -Wredundant-decls     -gsource-map -s INVOKE_RUN=1 -s USE_SDL=2 -s USE_SDL_MIXER=2 -s LEGACY_GL_EMULATION=0 -s USE_SDL_NET=2 -s ASSERTIONS=0 -s WASM=1 -s ALLOW_MEMORY_GROWTH=0 -s FORCE_FILESYSTEM=1 -s EXTRA_EXPORTED_RUNTIME_METHODS=['FS','ccall'] -s SAFE_HEAP=1 -s EXIT_RUNTIME=1 -s STACK_OVERFLOW_CHECK=1 -s PROXY_POSIX_SOCKETS=0 -s USE_PTHREADS=0 -s PROXY_TO_PTHREAD=0 -s TOTAL_MEMORY=64MB -s ERROR_ON_UNDEFINED_SYMBOLS=0 -s ASYNCIFY -O3 --source-map-base /  conftest.c >&5
emcc: warning: linker setting ignored during compilation: 'INVOKE_RUN' [-Wunused-command-line-argument]
emcc: warning: linker setting ignored during compilation: 'LEGACY_GL_EMULATION' [-Wunused-command-line-argument]
emcc: warning: linker setting ignored during compilation: 'ASSERTIONS' [-Wunused-command-line-argument]
emcc: warning: linker setting ignored during compilation: 'WASM' [-Wunused-command-line-argument]
emcc: warning: linker setting ignored during compilation: 'ALLOW_MEMORY_GROWTH' [-Wunused-command-line-argument]
emcc: warning: linker setting ignored during compilation: 'FORCE_FILESYSTEM' [-Wunused-command-line-argument]
emcc: warning: linker setting ignored during compilation: 'EXTRA_EXPORTED_RUNTIME_METHODS' [-Wunused-command-line-argument]
emcc: warning: linker setting ignored during compilation: 'SAFE_HEAP' [-Wunused-command-line-argument]
emcc: warning: linker setting ignored during compilation: 'EXIT_RUNTIME' [-Wunused-command-line-argument]
emcc: warning: linker setting ignored during compilation: 'STACK_OVERFLOW_CHECK' [-Wunused-command-line-argument]
emcc: warning: linker setting ignored during compilation: 'PROXY_POSIX_SOCKETS' [-Wunused-command-line-argument]
emcc: warning: linker setting ignored during compilation: 'PROXY_TO_PTHREAD' [-Wunused-command-line-argument]
emcc: warning: linker setting ignored during compilation: 'TOTAL_MEMORY' [-Wunused-command-line-argument]
emcc: warning: linker setting ignored during compilation: 'ERROR_ON_UNDEFINED_SYMBOLS' [-Wunused-command-line-argument]
emcc: warning: linker setting ignored during compilation: 'ASYNCIFY' [-Wunused-command-line-argument]
emcc: warning: linker flag ignored during compilation: '--source-map-base' [-Wunused-command-line-argument]
configure:5015: $? = 0
configure:5015: result: yes
configure:5015: checking for sys/stat.h
configure:5015: /workspaces/doom-wasm/emsdk/upstream/emscripten/emcc -c -O3 -g -Wall -Wdeclaration-after-statement -Wredundant-decls     -gsource-map -s INVOKE_RUN=1 -s USE_SDL=2 -s USE_SDL_MIXER=2 -s LEGACY_GL_EMULATION=0 -s USE_SDL_NET=2 -s ASSERTIONS=0 -s WASM=1 -s ALLOW_MEMORY_GROWTH=0 -s FORCE_FILESYSTEM=1 -s EXTRA_EXPORTED_RUNTIME_METHODS=['FS','ccall'] -s SAFE_HEAP=1 -s EXIT_RUNTIME=1 -s STACK_OVERFLOW_CHECK=1 -s PROXY_POSIX_SOCKETS=0 -s USE_PTHREADS=0 -s PROXY_TO_PTHREAD=0 -s TOTAL_MEMORY=64MB -s ERROR_ON_UNDEFINED_SYMBOLS=0 -s ASYNCIFY -O3 --source-map-base /  conftest.c >&5
emcc: warning: linker setting ignored during compilation: 'INVOKE_RUN' [-Wunused-command-line-argument]
emcc: warning: linker setting ignored during compilation: 'LEGACY_GL_EMULATION' [-Wunused-command-line-argument]
emcc: warning: linker setting ignored during compilation: 'ASSERTIONS' [-Wunused-command-line-argument]
emcc: warning: linker setting ignored during compilation: 'WASM' [-Wunused-command-line-argument]
emcc: warning: linker setting ignored during compilation: 'ALLOW_MEMORY_GROWTH' [-Wunused-command-line-argument]
emcc: warning: linker setting ignored during compilation: 'FORCE_FILESYSTEM' [-Wunused-command-line-argument]
emcc: warning: linker setting ignored during compilation: 'EXTRA_EXPORTED_RUNTIME_METHODS' [-Wunused-command-line-argument]
emcc: warning: linker setting ignored during compilation: 'SAFE_HEAP' [-Wunused-command-line-argument]
emcc: warning: linker setting ignored during compilation: 'EXIT_RUNTIME' [-Wunused-command-line-argument]
emcc: warning: linker setting ignored during compilation: 'STACK_OVERFLOW_CHECK' [-Wunused-command-line-argument]
emcc: warning: linker setting ignored during compilation: 'PROXY_POSIX_SOCKETS' [-Wunused-command-line-argument]
emcc: warning: linker setting ignored during compilation: 'PROXY_TO_PTHREAD' [-Wunused-command-line-argument]
emcc: warning: linker setting ignored during compilation: 'TOTAL_MEMORY' [-Wunused-command-line-argument]
emcc: warning: linker setting ignored during compilation: 'ERROR_ON_UNDEFINED_SYMBOLS' [-Wunused-command-line-argument]
emcc: warning: linker setting ignored during compilation: 'ASYNCIFY' [-Wunused-command-line-argument]
emcc: warning: linker flag ignored during compilation: '--source-map-base' [-Wunused-command-line-argument]
configure:5015: $? = 0
configure:5015: result: yes
configure:5015: checking for stdlib.h
configure:5015: /workspaces/doom-wasm/emsdk/upstream/emscripten/emcc -c -O3 -g -Wall -Wdeclaration-after-statement -Wredundant-decls     -gsource-map -s INVOKE_RUN=1 -s USE_SDL=2 -s USE_SDL_MIXER=2 -s LEGACY_GL_EMULATION=0 -s USE_SDL_NET=2 -s ASSERTIONS=0 -s WASM=1 -s ALLOW_MEMORY_GROWTH=0 -s FORCE_FILESYSTEM=1 -s EXTRA_EXPORTED_RUNTIME_METHODS=['FS','ccall'] -s SAFE_HEAP=1 -s EXIT_RUNTIME=1 -s STACK_OVERFLOW_CHECK=1 -s PROXY_POSIX_SOCKETS=0 -s USE_PTHREADS=0 -s PROXY_TO_PTHREAD=0 -s TOTAL_MEMORY=64MB -s ERROR_ON_UNDEFINED_SYMBOLS=0 -s ASYNCIFY -O3 --source-map-base /  conftest.c >&5
emcc: warning: linker setting ignored during compilation: 'INVOKE_RUN' [-Wunused-command-line-argument]
emcc: warning: linker setting ignored during compilation: 'LEGACY_GL_EMULATION' [-Wunused-command-line-argument]
emcc: warning: linker setting ignored during compilation: 'ASSERTIONS' [-Wunused-command-line-argument]
emcc: warning: linker setting ignored during compilation: 'WASM' [-Wunused-command-line-argument]
emcc: warning: linker setting ignored during compilation: 'ALLOW_MEMORY_GROWTH' [-Wunused-command-line-argument]
emcc: warning: linker setting ignored during compilation: 'FORCE_FILESYSTEM' [-Wunused-command-line-argument]
emcc: warning: linker setting ignored during compilation: 'EXTRA_EXPORTED_RUNTIME_METHODS' [-Wunused-command-line-argument]
emcc: warning: linker setting ignored during compilation: 'SAFE_HEAP' [-Wunused-command-line-argument]
emcc: warning: linker setting ignored during compilation: 'EXIT_RUNTIME' [-Wunused-command-line-argument]
emcc: warning: linker setting ignored during compilation: 'STACK_OVERFLOW_CHECK' [-Wunused-command-line-argument]
emcc: warning: linker setting ignored during compilation: 'PROXY_POSIX_SOCKETS' [-Wunused-command-line-argument]
emcc: warning: linker setting ignored during compilation: 'PROXY_TO_PTHREAD' [-Wunused-command-line-argument]
emcc: warning: linker setting ignored during compilation: 'TOTAL_MEMORY' [-Wunused-command-line-argument]
emcc: warning: linker setting ignored during compilation: 'ERROR_ON_UNDEFINED_SYMBOLS' [-Wunused-command-line-argument]
emcc: warning: linker setting ignored during compilation: 'ASYNCIFY' [-Wunused-command-line-argument]
emcc: warning: linker flag ignored during compilation: '--source-map-base' [-Wunused-command-line-argument]
configure:5015: $? = 0
configure:5015: result: yes
configure:5015: checking for string.h
configure:5015: /workspaces/doom-wasm/emsdk/upstream/emscripten/emcc -c -O3 -g -Wall -Wdeclaration-after-statement -Wredundant-decls     -gsource-map -s INVOKE_RUN=1 -s USE_SDL=2 -s USE_SDL_MIXER=2 -s LEGACY_GL_EMULATION=0 -s USE_SDL_NET=2 -s ASSERTIONS=0 -s WASM=1 -s ALLOW_MEMORY_GROWTH=0 -s FORCE_FILESYSTEM=1 -s EXTRA_EXPORTED_RUNTIME_METHODS=['FS','ccall'] -s SAFE_HEAP=1 -s EXIT_RUNTIME=1 -s STACK_OVERFLOW_CHECK=1 -s PROXY_POSIX_SOCKETS=0 -s USE_PTHREADS=0 -s PROXY_TO_PTHREAD=0 -s TOTAL_MEMORY=64MB -s ERROR_ON_UNDEFINED_SYMBOLS=0 -s ASYNCIFY -O3 --source-map-base /  conftest.c >&5
emcc: warning: linker setting ignored during compilation: 'INVOKE_RUN' [-Wunused-command-line-argument]
emcc: warning: linker setting ignored during compilation: 'LEGACY_GL_EMULATION' [-Wunused-command-line-argument]
emcc: warning: linker setting ignored during compilation: 'ASSERTIONS' [-Wunused-command-line-argument]
emcc: warning: linker setting ignored during compilation: 'WASM' [-Wunused-command-line-argument]
emcc: warning: linker setting ignored during compilation: 'ALLOW_MEMORY_GROWTH' [-Wunused-command-line-argument]
emcc: warning: linker setting ignored during compilation: 'FORCE_FILESYSTEM' [-Wunused-command-line-argument]
emcc: warning: linker setting ignored during compilation: 'EXTRA_EXPORTED_RUNTIME_METHODS' [-Wunused-command-line-argument]
emcc: warning: linker setting ignored during compilation: 'SAFE_HEAP' [-Wunused-command-line-argument]
emcc: warning: linker setting ignored during compilation: 'EXIT_RUNTIME' [-Wunused-command-line-argument]
emcc: warning: linker setting ignored during compilation: 'STACK_OVERFLOW_CHECK' [-Wunused-command-line-argument]
emcc: warning: linker setting ignored during compilation: 'PROXY_POSIX_SOCKETS' [-Wunused-command-line-argument]
emcc: warning: linker setting ignored during compilation: 'PROXY_TO_PTHREAD' [-Wunused-command-line-argument]
emcc: warning: linker setting ignored during compilation: 'TOTAL_MEMORY' [-Wunused-command-line-argument]
emcc: warning: linker setting ignored during compilation: 'ERROR_ON_UNDEFINED_SYMBOLS' [-Wunused-command-line-argument]
emcc: warning: linker setting ignored during compilation: 'ASYNCIFY' [-Wunused-command-line-argument]
emcc: warning: linker flag ignored during compilation: '--source-map-base' [-Wunused-command-line-argument]
configure:5015: $? = 0
configure:5015: result: yes
configure:5015: checking for memory.h
configure:5015: /workspaces/doom-wasm/emsdk/upstream/emscripten/emcc -c -O3 -g -Wall -Wdeclaration-after-statement -Wredundant-decls     -gsource-map -s INVOKE_RUN=1 -s USE_SDL=2 -s USE_SDL_MIXER=2 -s LEGACY_GL_EMULATION=0 -s USE_SDL_NET=2 -s ASSERTIONS=0 -s WASM=1 -s ALLOW_MEMORY_GROWTH=0 -s FORCE_FILESYSTEM=1 -s EXTRA_EXPORTED_RUNTIME_METHODS=['FS','ccall'] -s SAFE_HEAP=1 -s EXIT_RUNTIME=1 -s STACK_OVERFLOW_CHECK=1 -s PROXY_POSIX_SOCKETS=0 -s USE_PTHREADS=0 -s PROXY_TO_PTHREAD=0 -s TOTAL_MEMORY=64MB -s ERROR_ON_UNDEFINED_SYMBOLS=0 -s ASYNCIFY -O3 --source-map-base /  conftest.c >&5
emcc: warning: linker setting ignored during compilation: 'INVOKE_RUN' [-Wunused-command-line-argument]
emcc: warning: linker setting ignored during compilation: 'LEGACY_GL_EMULATION' [-Wunused-command-line-argument]
emcc: warning: linker setting ignored during compilation: 'ASSERTIONS' [-Wunused-command-line-argument]
emcc: warning: linker setting ignored during compilation: 'WASM' [-Wunused-command-line-argument]
emcc: warning: linker setting ignored during compilation: 'ALLOW_MEMORY_GROWTH' [-Wunused-command-line-argument]
emcc: warning: linker setting ignored during compilation: 'FORCE_FILESYSTEM' [-Wunused-command-line-argument]
emcc: warning: linker setting ignored during compilation: 'EXTRA_EXPORTED_RUNTIME_METHODS' [-Wunused-command-line-argument]
emcc: warning: linker setting ignored during compilation: 'SAFE_HEAP' [-Wunused-command-line-argument]
emcc: warning: linker setting ignored during compilation: 'EXIT_RUNTIME' [-Wunused-command-line-argument]
emcc: warning: linker setting ignored during compilation: 'STACK_OVERFLOW_CHECK' [-Wunused-command-line-argument]
emcc: warning: linker setting ignored during compilation: 'PROXY_POSIX_SOCKETS' [-Wunused-command-line-argument]
emcc: warning: linker setting ignored during compilation: 'PROXY_TO_PTHREAD' [-Wunused-command-line-argument]
emcc: warning: linker setting ignored during compilation: 'TOTAL_MEMORY' [-Wunused-command-line-argument]
emcc: warning: linker setting ignored during compilation: 'ERROR_ON_UNDEFINED_SYMBOLS' [-Wunused-command-line-argument]
emcc: warning: linker setting ignored during compilation: 'ASYNCIFY' [-Wunused-command-line-argument]
emcc: warning: linker flag ignored during compilation: '--source-map-base' [-Wunused-command-line-argument]
configure:5015: $? = 0
configure:5015: result: yes
configure:5015: checking for strings.h
configure:5015: /workspaces/doom-wasm/emsdk/upstream/emscripten/emcc -c -O3 -g -Wall -Wdeclaration-after-statement -Wredundant-decls     -gsource-map -s INVOKE_RUN=1 -s USE_SDL=2 -s USE_SDL_MIXER=2 -s LEGACY_GL_EMULATION=0 -s USE_SDL_NET=2 -s ASSERTIONS=0 -s WASM=1 -s ALLOW_MEMORY_GROWTH=0 -s FORCE_FILESYSTEM=1 -s EXTRA_EXPORTED_RUNTIME_METHODS=['FS','ccall'] -s SAFE_HEAP=1 -s EXIT_RUNTIME=1 -s STACK_OVERFLOW_CHECK=1 -s PROXY_POSIX_SOCKETS=0 -s USE_PTHREADS=0 -s PROXY_TO_PTHREAD=0 -s TOTAL_MEMORY=64MB -s ERROR_ON_UNDEFINED_SYMBOLS=0 -s ASYNCIFY -O3 --source-map-base /  conftest.c >&5
emcc: warning: linker setting ignored during compilation: 'INVOKE_RUN' [-Wunused-command-line-argument]
emcc: warning: linker setting ignored during compilation: 'LEGACY_GL_EMULATION' [-Wunused-command-line-argument]
emcc: warning: linker setting ignored during compilation: 'ASSERTIONS' [-Wunused-command-line-argument]
emcc: warning: linker setting ignored during compilation: 'WASM' [-Wunused-command-line-argument]
emcc: warning: linker setting ignored during compilation: 'ALLOW_MEMORY_GROWTH' [-Wunused-command-line-argument]
emcc: warning: linker setting ignored during compilation: 'FORCE_FILESYSTEM' [-Wunused-command-line-argument]
emcc: warning: linker setting ignored during compilation: 'EXTRA_EXPORTED_RUNTIME_METHODS' [-Wunused-command-line-argument]
emcc: warning: linker setting ignored during compilation: 'SAFE_HEAP' [-Wunused-command-line-argument]
emcc: warning: linker setting ignored during compilation: 'EXIT_RUNTIME' [-Wunused-command-line-argument]
emcc: warning: linker setting ignored during compilation: 'STACK_OVERFLOW_CHECK' [-Wunused-command-line-argument]
emcc: warning: linker setting ignored during compilation: 'PROXY_POSIX_SOCKETS' [-Wunused-command-line-argument]
emcc: warning: linker setting ignored during compilation: 'PROXY_TO_PTHREAD' [-Wunused-command-line-argument]
emcc: warning: linker setting ignored during compilation: 'TOTAL_MEMORY' [-Wunused-command-line-argument]
emcc: warning: linker setting ignored during compilation: 'ERROR_ON_UNDEFINED_SYMBOLS' [-Wunused-command-line-argument]
emcc: warning: linker setting ignored during compilation: 'ASYNCIFY' [-Wunused-command-line-argument]
emcc: warning: linker flag ignored during compilation: '--source-map-base' [-Wunused-command-line-argument]
configure:5015: $? = 0
configure:5015: result: yes
configure:5015: checking for inttypes.h
configure:5015: /workspaces/doom-wasm/emsdk/upstream/emscripten/emcc -c -O3 -g -Wall -Wdeclaration-after-statement -Wredundant-decls     -gsource-map -s INVOKE_RUN=1 -s USE_SDL=2 -s USE_SDL_MIXER=2 -s LEGACY_GL_EMULATION=0 -s USE_SDL_NET=2 -s ASSERTIONS=0 -s WASM=1 -s ALLOW_MEMORY_GROWTH=0 -s FORCE_FILESYSTEM=1 -s EXTRA_EXPORTED_RUNTIME_METHODS=['FS','ccall'] -s SAFE_HEAP=1 -s EXIT_RUNTIME=1 -s STACK_OVERFLOW_CHECK=1 -s PROXY_POSIX_SOCKETS=0 -s USE_PTHREADS=0 -s PROXY_TO_PTHREAD=0 -s TOTAL_MEMORY=64MB -s ERROR_ON_UNDEFINED_SYMBOLS=0 -s ASYNCIFY -O3 --source-map-base /  conftest.c >&5
emcc: warning: linker setting ignored during compilation: 'INVOKE_RUN' [-Wunused-command-line-argument]
emcc: warning: linker setting ignored during compilation: 'LEGACY_GL_EMULATION' [-Wunused-command-line-argument]
emcc: warning: linker setting ignored during compilation: 'ASSERTIONS' [-Wunused-command-line-argument]
emcc: warning: linker setting ignored during compilation: 'WASM' [-Wunused-command-line-argument]
emcc: warning: linker setting ignored during compilation: 'ALLOW_MEMORY_GROWTH' [-Wunused-command-line-argument]
emcc: warning: linker setting ignored during compilation: 'FORCE_FILESYSTEM' [-Wunused-command-line-argument]
emcc: warning: linker setting ignored during compilation: 'EXTRA_EXPORTED_RUNTIME_METHODS' [-Wunused-command-line-argument]
emcc: warning: linker setting ignored during compilation: 'SAFE_HEAP' [-Wunused-command-line-argument]
emcc: warning: linker setting ignored during compilation: 'EXIT_RUNTIME' [-Wunused-command-line-argument]
emcc: warning: linker setting ignored during compilation: 'STACK_OVERFLOW_CHECK' [-Wunused-command-line-argument]
emcc: warning: linker setting ignored during compilation: 'PROXY_POSIX_SOCKETS' [-Wunused-command-line-argument]
emcc: warning: linker setting ignored during compilation: 'PROXY_TO_PTHREAD' [-Wunused-command-line-argument]
emcc: warning: linker setting ignored during compilation: 'TOTAL_MEMORY' [-Wunused-command-line-argument]
emcc: warning: linker setting ignored during compilation: 'ERROR_ON_UNDEFINED_SYMBOLS' [-Wunused-command-line-argument]
emcc: warning: linker setting ignored during compilation: 'ASYNCIFY' [-Wunused-command-line-argument]
emcc: warning: linker flag ignored during compilation: '--source-map-base' [-Wunused-command-line-argument]
configure:5015: $? = 0
configure:5015: result: yes
configure:5015: checking for stdint.h
configure:5015: /workspaces/doom-wasm/emsdk/upstream/emscripten/emcc -c -O3 -g -Wall -Wdeclaration-after-statement -Wredundant-decls     -gsource-map -s INVOKE_RUN=1 -s USE_SDL=2 -s USE_SDL_MIXER=2 -s LEGACY_GL_EMULATION=0 -s USE_SDL_NET=2 -s ASSERTIONS=0 -s WASM=1 -s ALLOW_MEMORY_GROWTH=0 -s FORCE_FILESYSTEM=1 -s EXTRA_EXPORTED_RUNTIME_METHODS=['FS','ccall'] -s SAFE_HEAP=1 -s EXIT_RUNTIME=1 -s STACK_OVERFLOW_CHECK=1 -s PROXY_POSIX_SOCKETS=0 -s USE_PTHREADS=0 -s PROXY_TO_PTHREAD=0 -s TOTAL_MEMORY=64MB -s ERROR_ON_UNDEFINED_SYMBOLS=0 -s ASYNCIFY -O3 --source-map-base /  conftest.c >&5
emcc: warning: linker setting ignored during compilation: 'INVOKE_RUN' [-Wunused-command-line-argument]
emcc: warning: linker setting ignored during compilation: 'LEGACY_GL_EMULATION' [-Wunused-command-line-argument]
emcc: warning: linker setting ignored during compilation: 'ASSERTIONS' [-Wunused-command-line-argument]
emcc: warning: linker setting ignored during compilation: 'WASM' [-Wunused-command-line-argument]
emcc: warning: linker setting ignored during compilation: 'ALLOW_MEMORY_GROWTH' [-Wunused-command-line-argument]
emcc: warning: linker setting ignored during compilation: 'FORCE_FILESYSTEM' [-Wunused-command-line-argument]
emcc: warning: linker setting ignored during compilation: 'EXTRA_EXPORTED_RUNTIME_METHODS' [-Wunused-command-line-argument]
emcc: warning: linker setting ignored during compilation: 'SAFE_HEAP' [-Wunused-command-line-argument]
emcc: warning: linker setting ignored during compilation: 'EXIT_RUNTIME' [-Wunused-command-line-argument]
emcc: warning: linker setting ignored during compilation: 'STACK_OVERFLOW_CHECK' [-Wunused-command-line-argument]
emcc: warning: linker setting ignored during compilation: 'PROXY_POSIX_SOCKETS' [-Wunused-command-line-argument]
emcc: warning: linker setting ignored during compilation: 'PROXY_TO_PTHREAD' [-Wunused-command-line-argument]
emcc: warning: linker setting ignored during compilation: 'TOTAL_MEMORY' [-Wunused-command-line-argument]
emcc: warning: linker setting ignored during compilation: 'ERROR_ON_UNDEFINED_SYMBOLS' [-Wunused-command-line-argument]
emcc: warning: linker setting ignored during compilation: 'ASYNCIFY' [-Wunused-command-line-argument]
emcc: warning: linker flag ignored during compilation: '--source-map-base' [-Wunused-command-line-argument]
configure:5015: $? = 0
configure:5015: result: yes
configure:5015: checking for unistd.h
configure:5015: /workspaces/doom-wasm/emsdk/upstream/emscripten/emcc -c -O3 -g -Wall -Wdeclaration-after-statement -Wredundant-decls     -gsource-map -s INVOKE_RUN=1 -s USE_SDL=2 -s USE_SDL_MIXER=2 -s LEGACY_GL_EMULATION=0 -s USE_SDL_NET=2 -s ASSERTIONS=0 -s WASM=1 -s ALLOW_MEMORY_GROWTH=0 -s FORCE_FILESYSTEM=1 -s EXTRA_EXPORTED_RUNTIME_METHODS=['FS','ccall'] -s SAFE_HEAP=1 -s EXIT_RUNTIME=1 -s STACK_OVERFLOW_CHECK=1 -s PROXY_POSIX_SOCKETS=0 -s USE_PTHREADS=0 -s PROXY_TO_PTHREAD=0 -s TOTAL_MEMORY=64MB -s ERROR_ON_UNDEFINED_SYMBOLS=0 -s ASYNCIFY -O3 --source-map-base /  conftest.c >&5
emcc: warning: linker setting ignored during compilation: 'INVOKE_RUN' [-Wunused-command-line-argument]
emcc: warning: linker setting ignored during compilation: 'LEGACY_GL_EMULATION' [-Wunused-command-line-argument]
emcc: warning: linker setting ignored during compilation: 'ASSERTIONS' [-Wunused-command-line-argument]
emcc: warning: linker setting ignored during compilation: 'WASM' [-Wunused-command-line-argument]
emcc: warning: linker setting ignored during compilation: 'ALLOW_MEMORY_GROWTH' [-Wunused-command-line-argument]
emcc: warning: linker setting ignored during compilation: 'FORCE_FILESYSTEM' [-Wunused-command-line-argument]
emcc: warning: linker setting ignored during compilation: 'EXTRA_EXPORTED_RUNTIME_METHODS' [-Wunused-command-line-argument]
emcc: warning: linker setting ignored during compilation: 'SAFE_HEAP' [-Wunused-command-line-argument]
emcc: warning: linker setting ignored during compilation: 'EXIT_RUNTIME' [-Wunused-command-line-argument]
emcc: warning: linker setting ignored during compilation: 'STACK_OVERFLOW_CHECK' [-Wunused-command-line-argument]
emcc: warning: linker setting ignored during compilation: 'PROXY_POSIX_SOCKETS' [-Wunused-command-line-argument]
emcc: warning: linker setting ignored during compilation: 'PROXY_TO_PTHREAD' [-Wunused-command-line-argument]
emcc: warning: linker setting ignored during compilation: 'TOTAL_MEMORY' [-Wunused-command-line-argument]
emcc: warning: linker setting ignored during compilation: 'ERROR_ON_UNDEFINED_SYMBOLS' [-Wunused-command-line-argument]
emcc: warning: linker setting ignored during compilation: 'ASYNCIFY' [-Wunused-command-line-argument]
emcc: warning: linker flag ignored during compilation: '--source-map-base' [-Wunused-command-line-argument]
configure:5015: $? = 0
configure:5015: result: yes
configure:5030: checking dirent.h usability
configure:5030: /workspaces/doom-wasm/emsdk/upstream/emscripten/emcc -c -O3 -g -Wall -Wdeclaration-after-statement -Wredundant-decls     -gsource-map -s INVOKE_RUN=1 -s USE_SDL=2 -s USE_SDL_MIXER=2 -s LEGACY_GL_EMULATION=0 -s USE_SDL_NET=2 -s ASSERTIONS=0 -s WASM=1 -s ALLOW_MEMORY_GROWTH=0 -s FORCE_FILESYSTEM=1 -s EXTRA_EXPORTED_RUNTIME_METHODS=['FS','ccall'] -s SAFE_HEAP=1 -s EXIT_RUNTIME=1 -s STACK_OVERFLOW_CHECK=1 -s PROXY_POSIX_SOCKETS=0 -s USE_PTHREADS=0 -s PROXY_TO_PTHREAD=0 -s TOTAL_MEMORY=64MB -s ERROR_ON_UNDEFINED_SYMBOLS=0 -s ASYNCIFY -O3 --source-map-base /  conftest.c >&5
emcc: warning: linker setting ignored during compilation: 'INVOKE_RUN' [-Wunused-command-line-argument]
emcc: warning: linker setting ignored during compilation: 'LEGACY_GL_EMULATION' [-Wunused-command-line-argument]
emcc: warning: linker setting ignored during compilation: 'ASSERTIONS' [-Wunused-command-line-argument]
emcc: warning: linker setting ignored during compilation: 'WASM' [-Wunused-command-line-argument]
emcc: warning: linker setting ignored during compilation: 'ALLOW_MEMORY_GROWTH' [-Wunused-command-line-argument]
emcc: warning: linker setting ignored during compilation: 'FORCE_FILESYSTEM' [-Wunused-command-line-argument]
emcc: warning: linker setting ignored during compilation: 'EXTRA_EXPORTED_RUNTIME_METHODS' [-Wunused-command-line-argument]
emcc: warning: linker setting ignored during compilation: 'SAFE_HEAP' [-Wunused-command-line-argument]
emcc: warning: linker setting ignored during compilation: 'EXIT_RUNTIME' [-Wunused-command-line-argument]
emcc: warning: linker setting ignored during compilation: 'STACK_OVERFLOW_CHECK' [-Wunused-command-line-argument]
emcc: warning: linker setting ignored during compilation: 'PROXY_POSIX_SOCKETS' [-Wunused-command-line-argument]
emcc: warning: linker setting ignored during compilation: 'PROXY_TO_PTHREAD' [-Wunused-command-line-argument]
emcc: warning: linker setting ignored during compilation: 'TOTAL_MEMORY' [-Wunused-command-line-argument]
emcc: warning: linker setting ignored during compilation: 'ERROR_ON_UNDEFINED_SYMBOLS' [-Wunused-command-line-argument]
emcc: warning: linker setting ignored during compilation: 'ASYNCIFY' [-Wunused-command-line-argument]
emcc: warning: linker flag ignored during compilation: '--source-map-base' [-Wunused-command-line-argument]
configure:5030: $? = 0
configure:5030: result: yes
configure:5030: checking dirent.h presence
configure:5030: /workspaces/doom-wasm/emsdk/upstream/emscripten/emcc -E  conftest.c
configure:5030: $? = 0
configure:5030: result: yes
configure:5030: checking for dirent.h
configure:5030: result: yes
configure:5030: checking linux/kd.h usability
configure:5030: /workspaces/doom-wasm/emsdk/upstream/emscripten/emcc -c -O3 -g -Wall -Wdeclaration-after-statement -Wredundant-decls     -gsource-map -s INVOKE_RUN=1 -s USE_SDL=2 -s USE_SDL_MIXER=2 -s LEGACY_GL_EMULATION=0 -s USE_SDL_NET=2 -s ASSERTIONS=0 -s WASM=1 -s ALLOW_MEMORY_GROWTH=0 -s FORCE_FILESYSTEM=1 -s EXTRA_EXPORTED_RUNTIME_METHODS=['FS','ccall'] -s SAFE_HEAP=1 -s EXIT_RUNTIME=1 -s STACK_OVERFLOW_CHECK=1 -s PROXY_POSIX_SOCKETS=0 -s USE_PTHREADS=0 -s PROXY_TO_PTHREAD=0 -s TOTAL_MEMORY=64MB -s ERROR_ON_UNDEFINED_SYMBOLS=0 -s ASYNCIFY -O3 --source-map-base /  conftest.c >&5
emcc: warning: linker setting ignored during compilation: 'INVOKE_RUN' [-Wunused-command-line-argument]
emcc: warning: linker setting ignored during compilation: 'LEGACY_GL_EMULATION' [-Wunused-command-line-argument]
emcc: warning: linker setting ignored during compilation: 'ASSERTIONS' [-Wunused-command-line-argument]
emcc: warning: linker setting ignored during compilation: 'WASM' [-Wunused-command-line-argument]
emcc: warning: linker setting ignored during compilation: 'ALLOW_MEMORY_GROWTH' [-Wunused-command-line-argument]
emcc: warning: linker setting ignored during compilation: 'FORCE_FILESYSTEM' [-Wunused-command-line-argument]
emcc: warning: linker setting ignored during compilation: 'EXTRA_EXPORTED_RUNTIME_METHODS' [-Wunused-command-line-argument]
emcc: warning: linker setting ignored during compilation: 'SAFE_HEAP' [-Wunused-command-line-argument]
emcc: warning: linker setting ignored during compilation: 'EXIT_RUNTIME' [-Wunused-command-line-argument]
emcc: warning: linker setting ignored during compilation: 'STACK_OVERFLOW_CHECK' [-Wunused-command-line-argument]
emcc: warning: linker setting ignored during compilation: 'PROXY_POSIX_SOCKETS' [-Wunused-command-line-argument]
emcc: warning: linker setting ignored during compilation: 'PROXY_TO_PTHREAD' [-Wunused-command-line-argument]
emcc: warning: linker setting ignored during compilation: 'TOTAL_MEMORY' [-Wunused-command-line-argument]
emcc: warning: linker setting ignored during compilation: 'ERROR_ON_UNDEFINED_SYMBOLS' [-Wunused-command-line-argument]
emcc: warning: linker setting ignored during compilation: 'ASYNCIFY' [-Wunused-command-line-argument]
emcc: warning: linker flag ignored during compilation: '--source-map-base' [-Wunused-command-line-argument]
conftest.c:54:10: fatal error: 'linux/kd.h' file not found
#include <linux/kd.h>
         ^~~~~~~~~~~~
1 error generated.
emcc: error: '/workspaces/doom-wasm/emsdk/upstream/bin/clang -target wasm32-unknown-emscripten -DEMSCRIPTEN -D__EMSCRIPTEN_major__=3 -D__EMSCRIPTEN_minor__=1 -D__EMSCRIPTEN_tiny__=17 -fignore-exceptions -fvisibility=default -mllvm -combiner-global-alias-analysis=false -mllvm -enable-emscripten-sjlj -mllvm -disable-lsr -Werror=implicit-function-declaration -Xclang -isystem/workspaces/doom-wasm/emsdk/upstream/emscripten/cache/sysroot/include/SDL2 --sysroot=/workspaces/doom-wasm/emsdk/upstream/emscripten/cache/sysroot -Xclang -iwithsysroot/include/compat -c -O3 -g3 -Wall -Wdeclaration-after-statement -Wredundant-decls -g -O3 conftest.c -o conftest.o' failed (returned 1)
configure:5030: $? = 1
configure: failed program was:
| /* confdefs.h */
| #define PACKAGE_NAME "Websockets Doom"
| #define PACKAGE_TARNAME "doom-ws-wasm"
| #define PACKAGE_VERSION "0.0.1"
| #define PACKAGE_STRING "Websockets Doom 0.0.1"
| #define PACKAGE_BUGREPORT "celso@cloudflare.com"
| #define PACKAGE_URL ""
| #define HAVE_LIBM 1
| #define STDC_HEADERS 1
| #define HAVE_SYS_TYPES_H 1
| #define HAVE_SYS_STAT_H 1
| #define HAVE_STDLIB_H 1
| #define HAVE_STRING_H 1
| #define HAVE_MEMORY_H 1
| #define HAVE_STRINGS_H 1
| #define HAVE_INTTYPES_H 1
| #define HAVE_STDINT_H 1
| #define HAVE_UNISTD_H 1
| #define HAVE_DIRENT_H 1
| /* end confdefs.h.  */
| #include <stdio.h>
| #ifdef HAVE_SYS_TYPES_H
| # include <sys/types.h>
| #endif
| #ifdef HAVE_SYS_STAT_H
| # include <sys/stat.h>
| #endif
| #ifdef STDC_HEADERS
| # include <stdlib.h>
| # include <stddef.h>
| #else
| # ifdef HAVE_STDLIB_H
| #  include <stdlib.h>
| # endif
| #endif
| #ifdef HAVE_STRING_H
| # if !defined STDC_HEADERS && defined HAVE_MEMORY_H
| #  include <memory.h>
| # endif
| # include <string.h>
| #endif
| #ifdef HAVE_STRINGS_H
| # include <strings.h>
| #endif
| #ifdef HAVE_INTTYPES_H
| # include <inttypes.h>
| #endif
| #ifdef HAVE_STDINT_H
| # include <stdint.h>
| #endif
| #ifdef HAVE_UNISTD_H
| # include <unistd.h>
| #endif
| #include <linux/kd.h>
configure:5030: result: no
configure:5030: checking linux/kd.h presence
configure:5030: /workspaces/doom-wasm/emsdk/upstream/emscripten/emcc -E  conftest.c
conftest.c:21:10: fatal error: 'linux/kd.h' file not found
#include <linux/kd.h>
         ^~~~~~~~~~~~
1 error generated.
emcc: error: '/workspaces/doom-wasm/emsdk/upstream/bin/clang -target wasm32-unknown-emscripten -DEMSCRIPTEN -D__EMSCRIPTEN_major__=3 -D__EMSCRIPTEN_minor__=1 -D__EMSCRIPTEN_tiny__=17 -fignore-exceptions -fvisibility=default -mllvm -combiner-global-alias-analysis=false -mllvm -enable-emscripten-sjlj -mllvm -disable-lsr -Werror=implicit-function-declaration -Xclang -iwithsysroot/include/SDL --sysroot=/workspaces/doom-wasm/emsdk/upstream/emscripten/cache/sysroot -Xclang -iwithsysroot/include/compat -E conftest.c' failed (returned 1)
configure:5030: $? = 1
configure: failed program was:
| /* confdefs.h */
| #define PACKAGE_NAME "Websockets Doom"
| #define PACKAGE_TARNAME "doom-ws-wasm"
| #define PACKAGE_VERSION "0.0.1"
| #define PACKAGE_STRING "Websockets Doom 0.0.1"
| #define PACKAGE_BUGREPORT "celso@cloudflare.com"
| #define PACKAGE_URL ""
| #define HAVE_LIBM 1
| #define STDC_HEADERS 1
| #define HAVE_SYS_TYPES_H 1
| #define HAVE_SYS_STAT_H 1
| #define HAVE_STDLIB_H 1
| #define HAVE_STRING_H 1
| #define HAVE_MEMORY_H 1
| #define HAVE_STRINGS_H 1
| #define HAVE_INTTYPES_H 1
| #define HAVE_STDINT_H 1
| #define HAVE_UNISTD_H 1
| #define HAVE_DIRENT_H 1
| /* end confdefs.h.  */
| #include <linux/kd.h>
configure:5030: result: no
configure:5030: checking for linux/kd.h
configure:5030: result: no
configure:5030: checking dev/isa/spkrio.h usability
configure:5030: /workspaces/doom-wasm/emsdk/upstream/emscripten/emcc -c -O3 -g -Wall -Wdeclaration-after-statement -Wredundant-decls     -gsource-map -s INVOKE_RUN=1 -s USE_SDL=2 -s USE_SDL_MIXER=2 -s LEGACY_GL_EMULATION=0 -s USE_SDL_NET=2 -s ASSERTIONS=0 -s WASM=1 -s ALLOW_MEMORY_GROWTH=0 -s FORCE_FILESYSTEM=1 -s EXTRA_EXPORTED_RUNTIME_METHODS=['FS','ccall'] -s SAFE_HEAP=1 -s EXIT_RUNTIME=1 -s STACK_OVERFLOW_CHECK=1 -s PROXY_POSIX_SOCKETS=0 -s USE_PTHREADS=0 -s PROXY_TO_PTHREAD=0 -s TOTAL_MEMORY=64MB -s ERROR_ON_UNDEFINED_SYMBOLS=0 -s ASYNCIFY -O3 --source-map-base /  conftest.c >&5
emcc: warning: linker setting ignored during compilation: 'INVOKE_RUN' [-Wunused-command-line-argument]
emcc: warning: linker setting ignored during compilation: 'LEGACY_GL_EMULATION' [-Wunused-command-line-argument]
emcc: warning: linker setting ignored during compilation: 'ASSERTIONS' [-Wunused-command-line-argument]
emcc: warning: linker setting ignored during compilation: 'WASM' [-Wunused-command-line-argument]
emcc: warning: linker setting ignored during compilation: 'ALLOW_MEMORY_GROWTH' [-Wunused-command-line-argument]
emcc: warning: linker setting ignored during compilation: 'FORCE_FILESYSTEM' [-Wunused-command-line-argument]
emcc: warning: linker setting ignored during compilation: 'EXTRA_EXPORTED_RUNTIME_METHODS' [-Wunused-command-line-argument]
emcc: warning: linker setting ignored during compilation: 'SAFE_HEAP' [-Wunused-command-line-argument]
emcc: warning: linker setting ignored during compilation: 'EXIT_RUNTIME' [-Wunused-command-line-argument]
emcc: warning: linker setting ignored during compilation: 'STACK_OVERFLOW_CHECK' [-Wunused-command-line-argument]
emcc: warning: linker setting ignored during compilation: 'PROXY_POSIX_SOCKETS' [-Wunused-command-line-argument]
emcc: warning: linker setting ignored during compilation: 'PROXY_TO_PTHREAD' [-Wunused-command-line-argument]
emcc: warning: linker setting ignored during compilation: 'TOTAL_MEMORY' [-Wunused-command-line-argument]
emcc: warning: linker setting ignored during compilation: 'ERROR_ON_UNDEFINED_SYMBOLS' [-Wunused-command-line-argument]
emcc: warning: linker setting ignored during compilation: 'ASYNCIFY' [-Wunused-command-line-argument]
emcc: warning: linker flag ignored during compilation: '--source-map-base' [-Wunused-command-line-argument]
conftest.c:54:10: fatal error: 'dev/isa/spkrio.h' file not found
#include <dev/isa/spkrio.h>
         ^~~~~~~~~~~~~~~~~~
1 error generated.
emcc: error: '/workspaces/doom-wasm/emsdk/upstream/bin/clang -target wasm32-unknown-emscripten -DEMSCRIPTEN -D__EMSCRIPTEN_major__=3 -D__EMSCRIPTEN_minor__=1 -D__EMSCRIPTEN_tiny__=17 -fignore-exceptions -fvisibility=default -mllvm -combiner-global-alias-analysis=false -mllvm -enable-emscripten-sjlj -mllvm -disable-lsr -Werror=implicit-function-declaration -Xclang -isystem/workspaces/doom-wasm/emsdk/upstream/emscripten/cache/sysroot/include/SDL2 --sysroot=/workspaces/doom-wasm/emsdk/upstream/emscripten/cache/sysroot -Xclang -iwithsysroot/include/compat -c -O3 -g3 -Wall -Wdeclaration-after-statement -Wredundant-decls -g -O3 conftest.c -o conftest.o' failed (returned 1)
configure:5030: $? = 1
configure: failed program was:
| /* confdefs.h */
| #define PACKAGE_NAME "Websockets Doom"
| #define PACKAGE_TARNAME "doom-ws-wasm"
| #define PACKAGE_VERSION "0.0.1"
| #define PACKAGE_STRING "Websockets Doom 0.0.1"
| #define PACKAGE_BUGREPORT "celso@cloudflare.com"
| #define PACKAGE_URL ""
| #define HAVE_LIBM 1
| #define STDC_HEADERS 1
| #define HAVE_SYS_TYPES_H 1
| #define HAVE_SYS_STAT_H 1
| #define HAVE_STDLIB_H 1
| #define HAVE_STRING_H 1
| #define HAVE_MEMORY_H 1
| #define HAVE_STRINGS_H 1
| #define HAVE_INTTYPES_H 1
| #define HAVE_STDINT_H 1
| #define HAVE_UNISTD_H 1
| #define HAVE_DIRENT_H 1
| /* end confdefs.h.  */
| #include <stdio.h>
| #ifdef HAVE_SYS_TYPES_H
| # include <sys/types.h>
| #endif
| #ifdef HAVE_SYS_STAT_H
| # include <sys/stat.h>
| #endif
| #ifdef STDC_HEADERS
| # include <stdlib.h>
| # include <stddef.h>
| #else
| # ifdef HAVE_STDLIB_H
| #  include <stdlib.h>
| # endif
| #endif
| #ifdef HAVE_STRING_H
| # if !defined STDC_HEADERS && defined HAVE_MEMORY_H
| #  include <memory.h>
| # endif
| # include <string.h>
| #endif
| #ifdef HAVE_STRINGS_H
| # include <strings.h>
| #endif
| #ifdef HAVE_INTTYPES_H
| # include <inttypes.h>
| #endif
| #ifdef HAVE_STDINT_H
| # include <stdint.h>
| #endif
| #ifdef HAVE_UNISTD_H
| # include <unistd.h>
| #endif
| #include <dev/isa/spkrio.h>
configure:5030: result: no
configure:5030: checking dev/isa/spkrio.h presence
configure:5030: /workspaces/doom-wasm/emsdk/upstream/emscripten/emcc -E  conftest.c
conftest.c:21:10: fatal error: 'dev/isa/spkrio.h' file not found
#include <dev/isa/spkrio.h>
         ^~~~~~~~~~~~~~~~~~
1 error generated.
emcc: error: '/workspaces/doom-wasm/emsdk/upstream/bin/clang -target wasm32-unknown-emscripten -DEMSCRIPTEN -D__EMSCRIPTEN_major__=3 -D__EMSCRIPTEN_minor__=1 -D__EMSCRIPTEN_tiny__=17 -fignore-exceptions -fvisibility=default -mllvm -combiner-global-alias-analysis=false -mllvm -enable-emscripten-sjlj -mllvm -disable-lsr -Werror=implicit-function-declaration -Xclang -iwithsysroot/include/SDL --sysroot=/workspaces/doom-wasm/emsdk/upstream/emscripten/cache/sysroot -Xclang -iwithsysroot/include/compat -E conftest.c' failed (returned 1)
configure:5030: $? = 1
configure: failed program was:
| /* confdefs.h */
| #define PACKAGE_NAME "Websockets Doom"
| #define PACKAGE_TARNAME "doom-ws-wasm"
| #define PACKAGE_VERSION "0.0.1"
| #define PACKAGE_STRING "Websockets Doom 0.0.1"
| #define PACKAGE_BUGREPORT "celso@cloudflare.com"
| #define PACKAGE_URL ""
| #define HAVE_LIBM 1
| #define STDC_HEADERS 1
| #define HAVE_SYS_TYPES_H 1
| #define HAVE_SYS_STAT_H 1
| #define HAVE_STDLIB_H 1
| #define HAVE_STRING_H 1
| #define HAVE_MEMORY_H 1
| #define HAVE_STRINGS_H 1
| #define HAVE_INTTYPES_H 1
| #define HAVE_STDINT_H 1
| #define HAVE_UNISTD_H 1
| #define HAVE_DIRENT_H 1
| /* end confdefs.h.  */
| #include <dev/isa/spkrio.h>
configure:5030: result: no
configure:5030: checking for dev/isa/spkrio.h
configure:5030: result: no
configure:5030: checking dev/speaker/speaker.h usability
configure:5030: /workspaces/doom-wasm/emsdk/upstream/emscripten/emcc -c -O3 -g -Wall -Wdeclaration-after-statement -Wredundant-decls     -gsource-map -s INVOKE_RUN=1 -s USE_SDL=2 -s USE_SDL_MIXER=2 -s LEGACY_GL_EMULATION=0 -s USE_SDL_NET=2 -s ASSERTIONS=0 -s WASM=1 -s ALLOW_MEMORY_GROWTH=0 -s FORCE_FILESYSTEM=1 -s EXTRA_EXPORTED_RUNTIME_METHODS=['FS','ccall'] -s SAFE_HEAP=1 -s EXIT_RUNTIME=1 -s STACK_OVERFLOW_CHECK=1 -s PROXY_POSIX_SOCKETS=0 -s USE_PTHREADS=0 -s PROXY_TO_PTHREAD=0 -s TOTAL_MEMORY=64MB -s ERROR_ON_UNDEFINED_SYMBOLS=0 -s ASYNCIFY -O3 --source-map-base /  conftest.c >&5
emcc: warning: linker setting ignored during compilation: 'INVOKE_RUN' [-Wunused-command-line-argument]
emcc: warning: linker setting ignored during compilation: 'LEGACY_GL_EMULATION' [-Wunused-command-line-argument]
emcc: warning: linker setting ignored during compilation: 'ASSERTIONS' [-Wunused-command-line-argument]
emcc: warning: linker setting ignored during compilation: 'WASM' [-Wunused-command-line-argument]
emcc: warning: linker setting ignored during compilation: 'ALLOW_MEMORY_GROWTH' [-Wunused-command-line-argument]
emcc: warning: linker setting ignored during compilation: 'FORCE_FILESYSTEM' [-Wunused-command-line-argument]
emcc: warning: linker setting ignored during compilation: 'EXTRA_EXPORTED_RUNTIME_METHODS' [-Wunused-command-line-argument]
emcc: warning: linker setting ignored during compilation: 'SAFE_HEAP' [-Wunused-command-line-argument]
emcc: warning: linker setting ignored during compilation: 'EXIT_RUNTIME' [-Wunused-command-line-argument]
emcc: warning: linker setting ignored during compilation: 'STACK_OVERFLOW_CHECK' [-Wunused-command-line-argument]
emcc: warning: linker setting ignored during compilation: 'PROXY_POSIX_SOCKETS' [-Wunused-command-line-argument]
emcc: warning: linker setting ignored during compilation: 'PROXY_TO_PTHREAD' [-Wunused-command-line-argument]
emcc: warning: linker setting ignored during compilation: 'TOTAL_MEMORY' [-Wunused-command-line-argument]
emcc: warning: linker setting ignored during compilation: 'ERROR_ON_UNDEFINED_SYMBOLS' [-Wunused-command-line-argument]
emcc: warning: linker setting ignored during compilation: 'ASYNCIFY' [-Wunused-command-line-argument]
emcc: warning: linker flag ignored during compilation: '--source-map-base' [-Wunused-command-line-argument]
conftest.c:54:10: fatal error: 'dev/speaker/speaker.h' file not found
#include <dev/speaker/speaker.h>
         ^~~~~~~~~~~~~~~~~~~~~~~
1 error generated.
emcc: error: '/workspaces/doom-wasm/emsdk/upstream/bin/clang -target wasm32-unknown-emscripten -DEMSCRIPTEN -D__EMSCRIPTEN_major__=3 -D__EMSCRIPTEN_minor__=1 -D__EMSCRIPTEN_tiny__=17 -fignore-exceptions -fvisibility=default -mllvm -combiner-global-alias-analysis=false -mllvm -enable-emscripten-sjlj -mllvm -disable-lsr -Werror=implicit-function-declaration -Xclang -isystem/workspaces/doom-wasm/emsdk/upstream/emscripten/cache/sysroot/include/SDL2 --sysroot=/workspaces/doom-wasm/emsdk/upstream/emscripten/cache/sysroot -Xclang -iwithsysroot/include/compat -c -O3 -g3 -Wall -Wdeclaration-after-statement -Wredundant-decls -g -O3 conftest.c -o conftest.o' failed (returned 1)
configure:5030: $? = 1
configure: failed program was:
| /* confdefs.h */
| #define PACKAGE_NAME "Websockets Doom"
| #define PACKAGE_TARNAME "doom-ws-wasm"
| #define PACKAGE_VERSION "0.0.1"
| #define PACKAGE_STRING "Websockets Doom 0.0.1"
| #define PACKAGE_BUGREPORT "celso@cloudflare.com"
| #define PACKAGE_URL ""
| #define HAVE_LIBM 1
| #define STDC_HEADERS 1
| #define HAVE_SYS_TYPES_H 1
| #define HAVE_SYS_STAT_H 1
| #define HAVE_STDLIB_H 1
| #define HAVE_STRING_H 1
| #define HAVE_MEMORY_H 1
| #define HAVE_STRINGS_H 1
| #define HAVE_INTTYPES_H 1
| #define HAVE_STDINT_H 1
| #define HAVE_UNISTD_H 1
| #define HAVE_DIRENT_H 1
| /* end confdefs.h.  */
| #include <stdio.h>
| #ifdef HAVE_SYS_TYPES_H
| # include <sys/types.h>
| #endif
| #ifdef HAVE_SYS_STAT_H
| # include <sys/stat.h>
| #endif
| #ifdef STDC_HEADERS
| # include <stdlib.h>
| # include <stddef.h>
| #else
| # ifdef HAVE_STDLIB_H
| #  include <stdlib.h>
| # endif
| #endif
| #ifdef HAVE_STRING_H
| # if !defined STDC_HEADERS && defined HAVE_MEMORY_H
| #  include <memory.h>
| # endif
| # include <string.h>
| #endif
| #ifdef HAVE_STRINGS_H
| # include <strings.h>
| #endif
| #ifdef HAVE_INTTYPES_H
| # include <inttypes.h>
| #endif
| #ifdef HAVE_STDINT_H
| # include <stdint.h>
| #endif
| #ifdef HAVE_UNISTD_H
| # include <unistd.h>
| #endif
| #include <dev/speaker/speaker.h>
configure:5030: result: no
configure:5030: checking dev/speaker/speaker.h presence
configure:5030: /workspaces/doom-wasm/emsdk/upstream/emscripten/emcc -E  conftest.c
conftest.c:21:10: fatal error: 'dev/speaker/speaker.h' file not found
#include <dev/speaker/speaker.h>
         ^~~~~~~~~~~~~~~~~~~~~~~
1 error generated.
emcc: error: '/workspaces/doom-wasm/emsdk/upstream/bin/clang -target wasm32-unknown-emscripten -DEMSCRIPTEN -D__EMSCRIPTEN_major__=3 -D__EMSCRIPTEN_minor__=1 -D__EMSCRIPTEN_tiny__=17 -fignore-exceptions -fvisibility=default -mllvm -combiner-global-alias-analysis=false -mllvm -enable-emscripten-sjlj -mllvm -disable-lsr -Werror=implicit-function-declaration -Xclang -iwithsysroot/include/SDL --sysroot=/workspaces/doom-wasm/emsdk/upstream/emscripten/cache/sysroot -Xclang -iwithsysroot/include/compat -E conftest.c' failed (returned 1)
configure:5030: $? = 1
configure: failed program was:
| /* confdefs.h */
| #define PACKAGE_NAME "Websockets Doom"
| #define PACKAGE_TARNAME "doom-ws-wasm"
| #define PACKAGE_VERSION "0.0.1"
| #define PACKAGE_STRING "Websockets Doom 0.0.1"
| #define PACKAGE_BUGREPORT "celso@cloudflare.com"
| #define PACKAGE_URL ""
| #define HAVE_LIBM 1
| #define STDC_HEADERS 1
| #define HAVE_SYS_TYPES_H 1
| #define HAVE_SYS_STAT_H 1
| #define HAVE_STDLIB_H 1
| #define HAVE_STRING_H 1
| #define HAVE_MEMORY_H 1
| #define HAVE_STRINGS_H 1
| #define HAVE_INTTYPES_H 1
| #define HAVE_STDINT_H 1
| #define HAVE_UNISTD_H 1
| #define HAVE_DIRENT_H 1
| /* end confdefs.h.  */
| #include <dev/speaker/speaker.h>
configure:5030: result: no
configure:5030: checking for dev/speaker/speaker.h
configure:5030: result: no
configure:5043: checking for mmap
configure:5043: /workspaces/doom-wasm/emsdk/upstream/emscripten/emcc -o conftest.html -O3 -g -Wall -Wdeclaration-after-statement -Wredundant-decls     -gsource-map -s INVOKE_RUN=1 -s USE_SDL=2 -s USE_SDL_MIXER=2 -s LEGACY_GL_EMULATION=0 -s USE_SDL_NET=2 -s ASSERTIONS=0 -s WASM=1 -s ALLOW_MEMORY_GROWTH=0 -s FORCE_FILESYSTEM=1 -s EXTRA_EXPORTED_RUNTIME_METHODS=['FS','ccall'] -s SAFE_HEAP=1 -s EXIT_RUNTIME=1 -s STACK_OVERFLOW_CHECK=1 -s PROXY_POSIX_SOCKETS=0 -s USE_PTHREADS=0 -s PROXY_TO_PTHREAD=0 -s TOTAL_MEMORY=64MB -s ERROR_ON_UNDEFINED_SYMBOLS=0 -s ASYNCIFY -O3 --source-map-base /      -gsource-map -s INVOKE_RUN=1 -s USE_SDL=2 -s USE_SDL_MIXER=2 -s LEGACY_GL_EMULATION=0 -s USE_SDL_NET=2 -s ASSERTIONS=0 -s WASM=1 -s ALLOW_MEMORY_GROWTH=0 -s FORCE_FILESYSTEM=1 -s EXTRA_EXPORTED_RUNTIME_METHODS=['FS','ccall'] -s SAFE_HEAP=1 -s EXIT_RUNTIME=1 -s STACK_OVERFLOW_CHECK=1 -s PROXY_POSIX_SOCKETS=0 -s USE_PTHREADS=0 -s PROXY_TO_PTHREAD=0 -s TOTAL_MEMORY=64MB -s ERROR_ON_UNDEFINED_SYMBOLS=0 -s ASYNCIFY -O3 --source-map-base / -lwebsocket.js conftest.c -lm  >&5
emcc: warning: EXTRA_EXPORTED_RUNTIME_METHODS is deprecated, please use EXPORTED_RUNTIME_METHODS instead [-Wdeprecated]
wasm-ld: warning: function signature mismatch: mmap
>>> defined as () -> i32 in /tmp/emscripten_temp_ceyh_kpb/conftest_0.o
>>> defined as (i32, i32, i32, i32, i32, i64) -> i32 in /workspaces/doom-wasm/emsdk/upstream/emscripten/cache/sysroot/lib/wasm32-emscripten/libc.a(mmap.o)
emcc: warning: running limited binaryen optimizations because DWARF info requested (or indirectly required) [-Wlimited-postlink-optimizations]
configure:5043: $? = 0
configure:5043: result: yes
configure:5043: checking for ioperm
configure:5043: /workspaces/doom-wasm/emsdk/upstream/emscripten/emcc -o conftest.html -O3 -g -Wall -Wdeclaration-after-statement -Wredundant-decls     -gsource-map -s INVOKE_RUN=1 -s USE_SDL=2 -s USE_SDL_MIXER=2 -s LEGACY_GL_EMULATION=0 -s USE_SDL_NET=2 -s ASSERTIONS=0 -s WASM=1 -s ALLOW_MEMORY_GROWTH=0 -s FORCE_FILESYSTEM=1 -s EXTRA_EXPORTED_RUNTIME_METHODS=['FS','ccall'] -s SAFE_HEAP=1 -s EXIT_RUNTIME=1 -s STACK_OVERFLOW_CHECK=1 -s PROXY_POSIX_SOCKETS=0 -s USE_PTHREADS=0 -s PROXY_TO_PTHREAD=0 -s TOTAL_MEMORY=64MB -s ERROR_ON_UNDEFINED_SYMBOLS=0 -s ASYNCIFY -O3 --source-map-base /      -gsource-map -s INVOKE_RUN=1 -s USE_SDL=2 -s USE_SDL_MIXER=2 -s LEGACY_GL_EMULATION=0 -s USE_SDL_NET=2 -s ASSERTIONS=0 -s WASM=1 -s ALLOW_MEMORY_GROWTH=0 -s FORCE_FILESYSTEM=1 -s EXTRA_EXPORTED_RUNTIME_METHODS=['FS','ccall'] -s SAFE_HEAP=1 -s EXIT_RUNTIME=1 -s STACK_OVERFLOW_CHECK=1 -s PROXY_POSIX_SOCKETS=0 -s USE_PTHREADS=0 -s PROXY_TO_PTHREAD=0 -s TOTAL_MEMORY=64MB -s ERROR_ON_UNDEFINED_SYMBOLS=0 -s ASYNCIFY -O3 --source-map-base / -lwebsocket.js conftest.c -lm  >&5
emcc: warning: EXTRA_EXPORTED_RUNTIME_METHODS is deprecated, please use EXPORTED_RUNTIME_METHODS instead [-Wdeprecated]
warning: undefined symbol: ioperm (referenced by top-level compiled C/C++ code)
emcc: warning: warnings in JS library compilation [-Wjs-compiler]
emcc: warning: running limited binaryen optimizations because DWARF info requested (or indirectly required) [-Wlimited-postlink-optimizations]
configure:5043: $? = 0
configure:5043: result: yes
configure:5052: checking whether strcasecmp is declared
configure:5052: /workspaces/doom-wasm/emsdk/upstream/emscripten/emcc -c -O3 -g -Wall -Wdeclaration-after-statement -Wredundant-decls     -gsource-map -s INVOKE_RUN=1 -s USE_SDL=2 -s USE_SDL_MIXER=2 -s LEGACY_GL_EMULATION=0 -s USE_SDL_NET=2 -s ASSERTIONS=0 -s WASM=1 -s ALLOW_MEMORY_GROWTH=0 -s FORCE_FILESYSTEM=1 -s EXTRA_EXPORTED_RUNTIME_METHODS=['FS','ccall'] -s SAFE_HEAP=1 -s EXIT_RUNTIME=1 -s STACK_OVERFLOW_CHECK=1 -s PROXY_POSIX_SOCKETS=0 -s USE_PTHREADS=0 -s PROXY_TO_PTHREAD=0 -s TOTAL_MEMORY=64MB -s ERROR_ON_UNDEFINED_SYMBOLS=0 -s ASYNCIFY -O3 --source-map-base /  conftest.c >&5
emcc: warning: linker setting ignored during compilation: 'INVOKE_RUN' [-Wunused-command-line-argument]
emcc: warning: linker setting ignored during compilation: 'LEGACY_GL_EMULATION' [-Wunused-command-line-argument]
emcc: warning: linker setting ignored during compilation: 'ASSERTIONS' [-Wunused-command-line-argument]
emcc: warning: linker setting ignored during compilation: 'WASM' [-Wunused-command-line-argument]
emcc: warning: linker setting ignored during compilation: 'ALLOW_MEMORY_GROWTH' [-Wunused-command-line-argument]
emcc: warning: linker setting ignored during compilation: 'FORCE_FILESYSTEM' [-Wunused-command-line-argument]
emcc: warning: linker setting ignored during compilation: 'EXTRA_EXPORTED_RUNTIME_METHODS' [-Wunused-command-line-argument]
emcc: warning: linker setting ignored during compilation: 'SAFE_HEAP' [-Wunused-command-line-argument]
emcc: warning: linker setting ignored during compilation: 'EXIT_RUNTIME' [-Wunused-command-line-argument]
emcc: warning: linker setting ignored during compilation: 'STACK_OVERFLOW_CHECK' [-Wunused-command-line-argument]
emcc: warning: linker setting ignored during compilation: 'PROXY_POSIX_SOCKETS' [-Wunused-command-line-argument]
emcc: warning: linker setting ignored during compilation: 'PROXY_TO_PTHREAD' [-Wunused-command-line-argument]
emcc: warning: linker setting ignored during compilation: 'TOTAL_MEMORY' [-Wunused-command-line-argument]
emcc: warning: linker setting ignored during compilation: 'ERROR_ON_UNDEFINED_SYMBOLS' [-Wunused-command-line-argument]
emcc: warning: linker setting ignored during compilation: 'ASYNCIFY' [-Wunused-command-line-argument]
emcc: warning: linker flag ignored during compilation: '--source-map-base' [-Wunused-command-line-argument]
configure:5052: $? = 0
configure:5052: result: yes
configure:5063: checking whether strncasecmp is declared
configure:5063: /workspaces/doom-wasm/emsdk/upstream/emscripten/emcc -c -O3 -g -Wall -Wdeclaration-after-statement -Wredundant-decls     -gsource-map -s INVOKE_RUN=1 -s USE_SDL=2 -s USE_SDL_MIXER=2 -s LEGACY_GL_EMULATION=0 -s USE_SDL_NET=2 -s ASSERTIONS=0 -s WASM=1 -s ALLOW_MEMORY_GROWTH=0 -s FORCE_FILESYSTEM=1 -s EXTRA_EXPORTED_RUNTIME_METHODS=['FS','ccall'] -s SAFE_HEAP=1 -s EXIT_RUNTIME=1 -s STACK_OVERFLOW_CHECK=1 -s PROXY_POSIX_SOCKETS=0 -s USE_PTHREADS=0 -s PROXY_TO_PTHREAD=0 -s TOTAL_MEMORY=64MB -s ERROR_ON_UNDEFINED_SYMBOLS=0 -s ASYNCIFY -O3 --source-map-base /  conftest.c >&5
emcc: warning: linker setting ignored during compilation: 'INVOKE_RUN' [-Wunused-command-line-argument]
emcc: warning: linker setting ignored during compilation: 'LEGACY_GL_EMULATION' [-Wunused-command-line-argument]
emcc: warning: linker setting ignored during compilation: 'ASSERTIONS' [-Wunused-command-line-argument]
emcc: warning: linker setting ignored during compilation: 'WASM' [-Wunused-command-line-argument]
emcc: warning: linker setting ignored during compilation: 'ALLOW_MEMORY_GROWTH' [-Wunused-command-line-argument]
emcc: warning: linker setting ignored during compilation: 'FORCE_FILESYSTEM' [-Wunused-command-line-argument]
emcc: warning: linker setting ignored during compilation: 'EXTRA_EXPORTED_RUNTIME_METHODS' [-Wunused-command-line-argument]
emcc: warning: linker setting ignored during compilation: 'SAFE_HEAP' [-Wunused-command-line-argument]
emcc: warning: linker setting ignored during compilation: 'EXIT_RUNTIME' [-Wunused-command-line-argument]
emcc: warning: linker setting ignored during compilation: 'STACK_OVERFLOW_CHECK' [-Wunused-command-line-argument]
emcc: warning: linker setting ignored during compilation: 'PROXY_POSIX_SOCKETS' [-Wunused-command-line-argument]
emcc: warning: linker setting ignored during compilation: 'PROXY_TO_PTHREAD' [-Wunused-command-line-argument]
emcc: warning: linker setting ignored during compilation: 'TOTAL_MEMORY' [-Wunused-command-line-argument]
emcc: warning: linker setting ignored during compilation: 'ERROR_ON_UNDEFINED_SYMBOLS' [-Wunused-command-line-argument]
emcc: warning: linker setting ignored during compilation: 'ASYNCIFY' [-Wunused-command-line-argument]
emcc: warning: linker flag ignored during compilation: '--source-map-base' [-Wunused-command-line-argument]
configure:5063: $? = 0
configure:5063: result: yes
configure:5079: checking for i386_iopl in -li386
configure:5104: /workspaces/doom-wasm/emsdk/upstream/emscripten/emcc -o conftest.html -O3 -g -Wall -Wdeclaration-after-statement -Wredundant-decls     -gsource-map -s INVOKE_RUN=1 -s USE_SDL=2 -s USE_SDL_MIXER=2 -s LEGACY_GL_EMULATION=0 -s USE_SDL_NET=2 -s ASSERTIONS=0 -s WASM=1 -s ALLOW_MEMORY_GROWTH=0 -s FORCE_FILESYSTEM=1 -s EXTRA_EXPORTED_RUNTIME_METHODS=['FS','ccall'] -s SAFE_HEAP=1 -s EXIT_RUNTIME=1 -s STACK_OVERFLOW_CHECK=1 -s PROXY_POSIX_SOCKETS=0 -s USE_PTHREADS=0 -s PROXY_TO_PTHREAD=0 -s TOTAL_MEMORY=64MB -s ERROR_ON_UNDEFINED_SYMBOLS=0 -s ASYNCIFY -O3 --source-map-base /      -gsource-map -s INVOKE_RUN=1 -s USE_SDL=2 -s USE_SDL_MIXER=2 -s LEGACY_GL_EMULATION=0 -s USE_SDL_NET=2 -s ASSERTIONS=0 -s WASM=1 -s ALLOW_MEMORY_GROWTH=0 -s FORCE_FILESYSTEM=1 -s EXTRA_EXPORTED_RUNTIME_METHODS=['FS','ccall'] -s SAFE_HEAP=1 -s EXIT_RUNTIME=1 -s STACK_OVERFLOW_CHECK=1 -s PROXY_POSIX_SOCKETS=0 -s USE_PTHREADS=0 -s PROXY_TO_PTHREAD=0 -s TOTAL_MEMORY=64MB -s ERROR_ON_UNDEFINED_SYMBOLS=0 -s ASYNCIFY -O3 --source-map-base / -lwebsocket.js conftest.c -li386  -lm  >&5
emcc: warning: EXTRA_EXPORTED_RUNTIME_METHODS is deprecated, please use EXPORTED_RUNTIME_METHODS instead [-Wdeprecated]
wasm-ld: error: unable to find library -li386
emcc: error: '/workspaces/doom-wasm/emsdk/upstream/bin/wasm-ld -o conftest.wasm /tmp/emscripten_temp_sbq6mc85/conftest_0.o -li386 -L/workspaces/doom-wasm/emsdk/upstream/emscripten/cache/sysroot/lib/wasm32-emscripten /workspaces/doom-wasm/emsdk/upstream/emscripten/cache/sysroot/lib/wasm32-emscripten/libSDL2_mixer_ogg.a /workspaces/doom-wasm/emsdk/upstream/emscripten/cache/sysroot/lib/wasm32-emscripten/libvorbis.a /workspaces/doom-wasm/emsdk/upstream/emscripten/cache/sysroot/lib/wasm32-emscripten/libogg.a /workspaces/doom-wasm/emsdk/upstream/emscripten/cache/sysroot/lib/wasm32-emscripten/libSDL2_net.a /workspaces/doom-wasm/emsdk/upstream/emscripten/cache/sysroot/lib/wasm32-emscripten/libSDL2.a -lGL -lal -lhtml5 -lstubs -lc -ldlmalloc -lcompiler_rt -lc++-noexcept -lc++abi-noexcept -lsockets -mllvm -combiner-global-alias-analysis=false -mllvm -enable-emscripten-sjlj -mllvm -disable-lsr --import-undefined --export-if-defined=main --export-if-defined=__start_em_asm --export-if-defined=__stop_em_asm --export-if-defined=__main_argc_argv --export-if-defined=fflush --export-if-defined=sbrk --export-if-defined=emscripten_stack_get_base --export-if-defined=emscripten_stack_get_end --export-if-defined=emscripten_stack_set_limits --export-if-defined=emscripten_stack_get_free --export-if-defined=emscripten_stack_init --export-if-defined=stackSave --export-if-defined=stackRestore --export-if-defined=stackAlloc --export-if-defined=__wasm_call_ctors --export-if-defined=__errno_location --export-if-defined=emscripten_get_sbrk_ptr --export-if-defined=__funcs_on_exit --export-if-defined=malloc --export-if-defined=free --export-if-defined=ntohs --export-if-defined=htons --export-if-defined=memcpy --export-if-defined=__dl_seterr --export-table -z stack-size=5242880 --initial-memory=67108864 --no-entry --max-memory=67108864 --global-base=1024' failed (returned 1)
configure:5104: $? = 1
configure: failed program was:
| /* confdefs.h */
| #define PACKAGE_NAME "Websockets Doom"
| #define PACKAGE_TARNAME "doom-ws-wasm"
| #define PACKAGE_VERSION "0.0.1"
| #define PACKAGE_STRING "Websockets Doom 0.0.1"
| #define PACKAGE_BUGREPORT "celso@cloudflare.com"
| #define PACKAGE_URL ""
| #define HAVE_LIBM 1
| #define STDC_HEADERS 1
| #define HAVE_SYS_TYPES_H 1
| #define HAVE_SYS_STAT_H 1
| #define HAVE_STDLIB_H 1
| #define HAVE_STRING_H 1
| #define HAVE_MEMORY_H 1
| #define HAVE_STRINGS_H 1
| #define HAVE_INTTYPES_H 1
| #define HAVE_STDINT_H 1
| #define HAVE_UNISTD_H 1
| #define HAVE_DIRENT_H 1
| #define HAVE_MMAP 1
| #define HAVE_IOPERM 1
| #define HAVE_DECL_STRCASECMP 1
| #define HAVE_DECL_STRNCASECMP 1
| /* end confdefs.h.  */
| 
| /* Override any GCC internal prototype to avoid an error.
|    Use char because int might match the return type of a GCC
|    builtin and then its argument prototype would still apply.  */
| #ifdef __cplusplus
| extern "C"
| #endif
| char i386_iopl ();
| int
| main ()
| {
| return i386_iopl ();
|   ;
|   return 0;
| }
configure:5113: result: no
configure:5124: checking for amd64_iopl in -lamd64
configure:5149: /workspaces/doom-wasm/emsdk/upstream/emscripten/emcc -o conftest.html -O3 -g -Wall -Wdeclaration-after-statement -Wredundant-decls     -gsource-map -s INVOKE_RUN=1 -s USE_SDL=2 -s USE_SDL_MIXER=2 -s LEGACY_GL_EMULATION=0 -s USE_SDL_NET=2 -s ASSERTIONS=0 -s WASM=1 -s ALLOW_MEMORY_GROWTH=0 -s FORCE_FILESYSTEM=1 -s EXTRA_EXPORTED_RUNTIME_METHODS=['FS','ccall'] -s SAFE_HEAP=1 -s EXIT_RUNTIME=1 -s STACK_OVERFLOW_CHECK=1 -s PROXY_POSIX_SOCKETS=0 -s USE_PTHREADS=0 -s PROXY_TO_PTHREAD=0 -s TOTAL_MEMORY=64MB -s ERROR_ON_UNDEFINED_SYMBOLS=0 -s ASYNCIFY -O3 --source-map-base /      -gsource-map -s INVOKE_RUN=1 -s USE_SDL=2 -s USE_SDL_MIXER=2 -s LEGACY_GL_EMULATION=0 -s USE_SDL_NET=2 -s ASSERTIONS=0 -s WASM=1 -s ALLOW_MEMORY_GROWTH=0 -s FORCE_FILESYSTEM=1 -s EXTRA_EXPORTED_RUNTIME_METHODS=['FS','ccall'] -s SAFE_HEAP=1 -s EXIT_RUNTIME=1 -s STACK_OVERFLOW_CHECK=1 -s PROXY_POSIX_SOCKETS=0 -s USE_PTHREADS=0 -s PROXY_TO_PTHREAD=0 -s TOTAL_MEMORY=64MB -s ERROR_ON_UNDEFINED_SYMBOLS=0 -s ASYNCIFY -O3 --source-map-base / -lwebsocket.js conftest.c -lamd64  -lm  >&5
emcc: warning: EXTRA_EXPORTED_RUNTIME_METHODS is deprecated, please use EXPORTED_RUNTIME_METHODS instead [-Wdeprecated]
wasm-ld: error: unable to find library -lamd64
emcc: error: '/workspaces/doom-wasm/emsdk/upstream/bin/wasm-ld -o conftest.wasm /tmp/emscripten_temp_dgkgpjqn/conftest_0.o -lamd64 -L/workspaces/doom-wasm/emsdk/upstream/emscripten/cache/sysroot/lib/wasm32-emscripten /workspaces/doom-wasm/emsdk/upstream/emscripten/cache/sysroot/lib/wasm32-emscripten/libSDL2_net.a /workspaces/doom-wasm/emsdk/upstream/emscripten/cache/sysroot/lib/wasm32-emscripten/libSDL2_mixer_ogg.a /workspaces/doom-wasm/emsdk/upstream/emscripten/cache/sysroot/lib/wasm32-emscripten/libSDL2.a /workspaces/doom-wasm/emsdk/upstream/emscripten/cache/sysroot/lib/wasm32-emscripten/libvorbis.a /workspaces/doom-wasm/emsdk/upstream/emscripten/cache/sysroot/lib/wasm32-emscripten/libogg.a -lGL -lal -lhtml5 -lstubs -lc -ldlmalloc -lcompiler_rt -lc++-noexcept -lc++abi-noexcept -lsockets -mllvm -combiner-global-alias-analysis=false -mllvm -enable-emscripten-sjlj -mllvm -disable-lsr --import-undefined --export-if-defined=main --export-if-defined=__start_em_asm --export-if-defined=__stop_em_asm --export-if-defined=__main_argc_argv --export-if-defined=fflush --export-if-defined=sbrk --export-if-defined=emscripten_stack_get_base --export-if-defined=emscripten_stack_get_end --export-if-defined=emscripten_stack_set_limits --export-if-defined=emscripten_stack_get_free --export-if-defined=emscripten_stack_init --export-if-defined=stackSave --export-if-defined=stackRestore --export-if-defined=stackAlloc --export-if-defined=__wasm_call_ctors --export-if-defined=__errno_location --export-if-defined=emscripten_get_sbrk_ptr --export-if-defined=__funcs_on_exit --export-if-defined=malloc --export-if-defined=free --export-if-defined=ntohs --export-if-defined=htons --export-if-defined=memcpy --export-if-defined=__dl_seterr --export-table -z stack-size=5242880 --initial-memory=67108864 --no-entry --max-memory=67108864 --global-base=1024' failed (returned 1)
configure:5149: $? = 1
configure: failed program was:
| /* confdefs.h */
| #define PACKAGE_NAME "Websockets Doom"
| #define PACKAGE_TARNAME "doom-ws-wasm"
| #define PACKAGE_VERSION "0.0.1"
| #define PACKAGE_STRING "Websockets Doom 0.0.1"
| #define PACKAGE_BUGREPORT "celso@cloudflare.com"
| #define PACKAGE_URL ""
| #define HAVE_LIBM 1
| #define STDC_HEADERS 1
| #define HAVE_SYS_TYPES_H 1
| #define HAVE_SYS_STAT_H 1
| #define HAVE_STDLIB_H 1
| #define HAVE_STRING_H 1
| #define HAVE_MEMORY_H 1
| #define HAVE_STRINGS_H 1
| #define HAVE_INTTYPES_H 1
| #define HAVE_STDINT_H 1
| #define HAVE_UNISTD_H 1
| #define HAVE_DIRENT_H 1
| #define HAVE_MMAP 1
| #define HAVE_IOPERM 1
| #define HAVE_DECL_STRCASECMP 1
| #define HAVE_DECL_STRNCASECMP 1
| /* end confdefs.h.  */
| 
| /* Override any GCC internal prototype to avoid an error.
|    Use char because int might match the return type of a GCC
|    builtin and then its argument prototype would still apply.  */
| #ifdef __cplusplus
| extern "C"
| #endif
| char amd64_iopl ();
| int
| main ()
| {
| return amd64_iopl ();
|   ;
|   return 0;
| }
configure:5158: result: no
configure:5273: checking for none-none-none-objdump
configure:5303: result: no
configure:5313: checking for objdump
configure:5329: found /usr/bin/objdump
configure:5340: result: objdump
configure:5365: checking for none-none-none-strip
configure:5395: result: no
configure:5405: checking for strip
configure:5421: found /usr/bin/strip
configure:5432: result: strip
configure:5525: checking for a BSD-compatible install
configure:5593: result: /usr/bin/install -c
configure:5604: checking whether build environment is sane
configure:5659: result: yes
configure:5710: checking for none-none-none-strip
configure:5737: result: strip
configure:5802: checking for a thread-safe mkdir -p
configure:5841: result: /bin/mkdir -p
configure:5848: checking for gawk
configure:5878: result: no
configure:5848: checking for mawk
configure:5864: found /usr/bin/mawk
configure:5875: result: mawk
configure:5886: checking whether make sets $(MAKE)
configure:5908: result: yes
configure:5930: checking whether make supports the include directive
configure:5945: make -f confmf.GNU && cat confinc.out
this is the am__doit target
configure:5948: $? = 0
configure:5967: result: yes (GNU style)
configure:6000: checking whether make supports nested variables
configure:6017: result: yes
configure:6102: checking dependency style of /workspaces/doom-wasm/emsdk/upstream/emscripten/emcc
configure:6213: result: gcc3
configure:6282: checking whether make supports nested variables
configure:6299: result: yes
configure:6474: checking that generated files are newer than configure
configure:6480: result: done
configure:6503: creating ./config.status

## ---------------------- ##
## Running config.status. ##
## ---------------------- ##

This file was extended by Websockets Doom config.status 0.0.1, which was
generated by GNU Autoconf 2.69.  Invocation command line was

  CONFIG_FILES    = 
  CONFIG_HEADERS  = 
  CONFIG_LINKS    = 
  CONFIG_COMMANDS = 
  $ ./config.status 

on 8dcca9ab2c1b

config.status:925: creating Makefile
config.status:925: creating opl/Makefile
config.status:925: creating opl/examples/Makefile
config.status:925: creating pcsound/Makefile
config.status:925: creating data/Makefile
config.status:925: creating src/Makefile
config.status:925: creating src/doom/Makefile
config.status:925: creating src/resource.rc
config.status:925: creating src/setup-res.rc
config.status:925: creating textscreen/Makefile
config.status:925: creating textscreen/examples/Makefile
config.status:925: creating textscreen/fonts/Makefile
config.status:925: creating config.h
config.status:1119: executing depfiles commands
config.status:1196: cd opl       && sed -e '/# am--include-marker/d' Makefile         | make -f - am--depfiles
config.status:1201: $? = 0
config.status:1196: cd opl/examples       && sed -e '/# am--include-marker/d' Makefile         | make -f - am--depfiles
config.status:1201: $? = 0
config.status:1196: cd pcsound       && sed -e '/# am--include-marker/d' Makefile         | make -f - am--depfiles
config.status:1201: $? = 0
config.status:1196: cd src       && sed -e '/# am--include-marker/d' Makefile         | make -f - am--depfiles
config.status:1201: $? = 0
config.status:1196: cd src/doom       && sed -e '/# am--include-marker/d' Makefile         | make -f - am--depfiles
config.status:1201: $? = 0
config.status:1196: cd textscreen       && sed -e '/# am--include-marker/d' Makefile         | make -f - am--depfiles
config.status:1201: $? = 0
config.status:1196: cd textscreen/examples       && sed -e '/# am--include-marker/d' Makefile         | make -f - am--depfiles
config.status:1201: $? = 0

## ---------------- ##
## Cache variables. ##
## ---------------- ##

ac_cv_build=x86_64-pc-linux-gnu
ac_cv_c_compiler_gnu=yes
ac_cv_env_CC_set=set
ac_cv_env_CC_value=/workspaces/doom-wasm/emsdk/upstream/emscripten/emcc
ac_cv_env_CFLAGS_set=
ac_cv_env_CFLAGS_value=
ac_cv_env_CPPFLAGS_set=
ac_cv_env_CPPFLAGS_value=
ac_cv_env_CPP_set=
ac_cv_env_CPP_value=
ac_cv_env_LDFLAGS_set=
ac_cv_env_LDFLAGS_value=
ac_cv_env_LIBS_set=
ac_cv_env_LIBS_value=
ac_cv_env_PKG_CONFIG_LIBDIR_set=set
ac_cv_env_PKG_CONFIG_LIBDIR_value=/workspaces/doom-wasm/emsdk/upstream/emscripten/cache/sysroot/local/lib/pkgconfig:/workspaces/doom-wasm/emsdk/upstream/emscripten/cache/sysroot/lib/pkgconfig
ac_cv_env_PKG_CONFIG_PATH_set=set
ac_cv_env_PKG_CONFIG_PATH_value=
ac_cv_env_PKG_CONFIG_set=
ac_cv_env_PKG_CONFIG_value=
ac_cv_env_PNG_CFLAGS_set=
ac_cv_env_PNG_CFLAGS_value=
ac_cv_env_PNG_LIBS_set=
ac_cv_env_PNG_LIBS_value=
ac_cv_env_SAMPLERATE_CFLAGS_set=
ac_cv_env_SAMPLERATE_CFLAGS_value=
ac_cv_env_SAMPLERATE_LIBS_set=
ac_cv_env_SAMPLERATE_LIBS_value=
ac_cv_env_build_alias_set=
ac_cv_env_build_alias_value=
ac_cv_env_host_alias_set=set
ac_cv_env_host_alias_value=none-none-none
ac_cv_env_target_alias_set=
ac_cv_env_target_alias_value=
ac_cv_exeext=.html
ac_cv_func_ioperm=yes
ac_cv_func_mmap=yes
ac_cv_have_decl_strcasecmp=yes
ac_cv_have_decl_strncasecmp=yes
ac_cv_header_dev_isa_spkrio_h=no
ac_cv_header_dev_speaker_speaker_h=no
ac_cv_header_dirent_h=yes
ac_cv_header_inttypes_h=yes
ac_cv_header_linux_kd_h=no
ac_cv_header_memory_h=yes
ac_cv_header_stdc=yes
ac_cv_header_stdint_h=yes
ac_cv_header_stdlib_h=yes
ac_cv_header_string_h=yes
ac_cv_header_strings_h=yes
ac_cv_header_sys_stat_h=yes
ac_cv_header_sys_types_h=yes
ac_cv_header_unistd_h=yes
ac_cv_host=none-none-none
ac_cv_lib_amd64_amd64_iopl=no
ac_cv_lib_i386_i386_iopl=no
ac_cv_lib_m_log=yes
ac_cv_objext=o
ac_cv_path_EGREP='/bin/grep -E'
ac_cv_path_GREP=/bin/grep
ac_cv_path_ac_pt_PKG_CONFIG=/usr/bin/pkg-config
ac_cv_path_install='/usr/bin/install -c'
ac_cv_path_mkdir=/bin/mkdir
ac_cv_prog_AR=/workspaces/doom-wasm/emsdk/upstream/emscripten/emar
ac_cv_prog_AWK=mawk
ac_cv_prog_CC=/workspaces/doom-wasm/emsdk/upstream/emscripten/emcc
ac_cv_prog_CPP='/workspaces/doom-wasm/emsdk/upstream/emscripten/emcc -E'
ac_cv_prog_HAVE_PYTHON=true
ac_cv_prog_RANLIB=/workspaces/doom-wasm/emsdk/upstream/emscripten/emranlib
ac_cv_prog_STRIP=strip
ac_cv_prog_ac_ct_OBJDUMP=objdump
ac_cv_prog_ac_ct_STRIP=strip
ac_cv_prog_cc_c89=
ac_cv_prog_cc_g=yes
ac_cv_prog_make_make_set=yes
am_cv_CC_dependencies_compiler_type=gcc3
am_cv_ar_interface=ar
am_cv_make_support_nested_variables=yes
am_cv_prog_cc_c_o=yes

## ----------------- ##
## Output variables. ##
## ----------------- ##

ACLOCAL='${SHELL} '\''/workspaces/doom-wasm/autotools/missing'\'' aclocal-1.16'
AMDEPBACKSLASH='\'
AMDEP_FALSE='#'
AMDEP_TRUE=''
AMTAR='$${TAR-tar}'
AM_BACKSLASH='\'
AM_DEFAULT_V='$(AM_DEFAULT_VERBOSITY)'
AM_DEFAULT_VERBOSITY='0'
AM_V='$(V)'
AR='/workspaces/doom-wasm/emsdk/upstream/emscripten/emar'
AUTOCONF='${SHELL} '\''/workspaces/doom-wasm/autotools/missing'\'' autoconf'
AUTOHEADER='${SHELL} '\''/workspaces/doom-wasm/autotools/missing'\'' autoheader'
AUTOMAKE='${SHELL} '\''/workspaces/doom-wasm/autotools/missing'\'' automake-1.16'
AWK='mawk'
CC='/workspaces/doom-wasm/emsdk/upstream/emscripten/emcc'
CCDEPMODE='depmode=gcc3'
CFLAGS='-O3 -g -Wall -Wdeclaration-after-statement -Wredundant-decls     -gsource-map -s INVOKE_RUN=1 -s USE_SDL=2 -s USE_SDL_MIXER=2 -s LEGACY_GL_EMULATION=0 -s USE_SDL_NET=2 -s ASSERTIONS=0 -s WASM=1 -s ALLOW_MEMORY_GROWTH=0 -s FORCE_FILESYSTEM=1 -s EXTRA_EXPORTED_RUNTIME_METHODS=['\''FS'\'','\''ccall'\''] -s SAFE_HEAP=1 -s EXIT_RUNTIME=1 -s STACK_OVERFLOW_CHECK=1 -s PROXY_POSIX_SOCKETS=0 -s USE_PTHREADS=0 -s PROXY_TO_PTHREAD=0 -s TOTAL_MEMORY=64MB -s ERROR_ON_UNDEFINED_SYMBOLS=0 -s ASYNCIFY -O3 --source-map-base /'
CPP='/workspaces/doom-wasm/emsdk/upstream/emscripten/emcc -E'
CPPFLAGS=''
CYGPATH_W='echo'
DEFS='-DHAVE_CONFIG_H'
DEPDIR='.deps'
ECHO_C=''
ECHO_N='-n'
ECHO_T=''
EGREP='/bin/grep -E'
EXEEXT='.html'
GREP='/bin/grep'
HAVE_BASH_COMPLETION_FALSE='#'
HAVE_BASH_COMPLETION_TRUE=''
HAVE_DOC_FALSE='#'
HAVE_DOC_TRUE=''
HAVE_FONTS_FALSE='#'
HAVE_FONTS_TRUE=''
HAVE_ICONS_FALSE='#'
HAVE_ICONS_TRUE=''
HAVE_PYTHON='true'
HAVE_WINDRES_FALSE=''
HAVE_WINDRES_TRUE='#'
INSTALL_DATA='${INSTALL} -m 644'
INSTALL_PROGRAM='${INSTALL}'
INSTALL_SCRIPT='${INSTALL}'
INSTALL_STRIP_PROGRAM='$(install_sh) -c -s'
LDFLAGS='    -gsource-map -s INVOKE_RUN=1 -s USE_SDL=2 -s USE_SDL_MIXER=2 -s LEGACY_GL_EMULATION=0 -s USE_SDL_NET=2 -s ASSERTIONS=0 -s WASM=1 -s ALLOW_MEMORY_GROWTH=0 -s FORCE_FILESYSTEM=1 -s EXTRA_EXPORTED_RUNTIME_METHODS=['\''FS'\'','\''ccall'\''] -s SAFE_HEAP=1 -s EXIT_RUNTIME=1 -s STACK_OVERFLOW_CHECK=1 -s PROXY_POSIX_SOCKETS=0 -s USE_PTHREADS=0 -s PROXY_TO_PTHREAD=0 -s TOTAL_MEMORY=64MB -s ERROR_ON_UNDEFINED_SYMBOLS=0 -s ASYNCIFY -O3 --source-map-base / -lwebsocket.js'
LIBOBJS=''
LIBS='-lm '
LTLIBOBJS=''
MAKEINFO='${SHELL} '\''/workspaces/doom-wasm/autotools/missing'\'' makeinfo'
MKDIR_P='/bin/mkdir -p'
OBJDUMP='objdump'
OBJEXT='o'
PACKAGE='doom-ws-wasm'
PACKAGE_BUGREPORT='https://github.com/cloudflare'
PACKAGE_COPYRIGHT='Copyright (C) 1993-2021'
PACKAGE_LICENSE='GNU General Public License, version 2'
PACKAGE_MAINTAINER='Celso Martinho'
PACKAGE_NAME='Websockets Doom'
PACKAGE_RDNS=''
PACKAGE_SHORTDESC='WASM WebSockets Chocolate Doom port'
PACKAGE_SHORTNAME='Websockets'
PACKAGE_STRING='Websockets Doom 0.0.1'
PACKAGE_TARNAME='doom-ws-wasm'
PACKAGE_URL='https://github.com/cloudflare'
PACKAGE_VERSION='0.0.1'
PATH_SEPARATOR=':'
PKG_CONFIG='/usr/bin/pkg-config'
PKG_CONFIG_LIBDIR='/workspaces/doom-wasm/emsdk/upstream/emscripten/cache/sysroot/local/lib/pkgconfig:/workspaces/doom-wasm/emsdk/upstream/emscripten/cache/sysroot/lib/pkgconfig'
PKG_CONFIG_PATH=''
PNG_CFLAGS=''
PNG_LIBS=''
PROGRAM_PREFIX='websockets-'
PROGRAM_SPREFIX='websockets'
RANLIB='/workspaces/doom-wasm/emsdk/upstream/emscripten/emranlib'
SAMPLERATE_CFLAGS=''
SAMPLERATE_LIBS=''
SDLMIXER_CFLAGS=''
SDLMIXER_LIBS=''
SDLNET_CFLAGS=''
SDLNET_LIBS=''
SDL_CFLAGS=''
SDL_LIBS=''
SET_MAKE=''
SHELL='/bin/bash'
STRIP='strip'
VERSION='0.0.1'
WINDOWS_RC_VERSION='0, 0, 1, 0'
WINDRES=''
ac_aux_dir='autotools'
ac_ct_AR=''
ac_ct_CC=''
am__EXEEXT_FALSE='#'
am__EXEEXT_TRUE=''
am__fastdepCC_FALSE='#'
am__fastdepCC_TRUE=''
am__include='include'
am__isrc=''
am__leading_dot='.'
am__nodep='_no'
am__quote=''
am__tar='$${TAR-tar} chof - "$$tardir"'
am__untar='$${TAR-tar} xf -'
bindir='${exec_prefix}/bin'
build='x86_64-pc-linux-gnu'
build_alias=''
build_cpu='x86_64'
build_os='linux-gnu'
build_vendor='pc'
datadir='${datarootdir}'
datarootdir='${prefix}/share'
docdir='${datarootdir}/doc/${PACKAGE_TARNAME}'
dvidir='${docdir}'
exec_prefix='${prefix}'
host='none-none-none'
host_alias='none-none-none'
host_cpu='none'
host_os='none'
host_vendor='none'
htmldir='${docdir}'
includedir='${prefix}/include'
infodir='${datarootdir}/info'
install_sh='${SHELL} /workspaces/doom-wasm/autotools/install-sh'
libdir='${exec_prefix}/lib'
libexecdir='${exec_prefix}/libexec'
localedir='${datarootdir}/locale'
localstatedir='${prefix}/var'
mandir='${datarootdir}/man'
mkdir_p='$(MKDIR_P)'
oldincludedir='/usr/include'
pdfdir='${docdir}'
prefix='/usr/local'
program_transform_name='s,x,x,'
psdir='${docdir}'
runstatedir='${localstatedir}/run'
sbindir='${exec_prefix}/sbin'
sharedstatedir='${prefix}/com'
sysconfdir='${prefix}/etc'
target_alias=''

## ----------- ##
## confdefs.h. ##
## ----------- ##

/* confdefs.h */
#define PACKAGE_NAME "Websockets Doom"
#define PACKAGE_TARNAME "doom-ws-wasm"
#define PACKAGE_VERSION "0.0.1"
#define PACKAGE_STRING "Websockets Doom 0.0.1"
#define PACKAGE_BUGREPORT "celso@cloudflare.com"
#define PACKAGE_URL ""
#define HAVE_LIBM 1
#define STDC_HEADERS 1
#define HAVE_SYS_TYPES_H 1
#define HAVE_SYS_STAT_H 1
#define HAVE_STDLIB_H 1
#define HAVE_STRING_H 1
#define HAVE_MEMORY_H 1
#define HAVE_STRINGS_H 1
#define HAVE_INTTYPES_H 1
#define HAVE_STDINT_H 1
#define HAVE_UNISTD_H 1
#define HAVE_DIRENT_H 1
#define HAVE_MMAP 1
#define HAVE_IOPERM 1
#define HAVE_DECL_STRCASECMP 1
#define HAVE_DECL_STRNCASECMP 1
#define PACKAGE "doom-ws-wasm"
#define VERSION "0.0.1"
#define PROGRAM_PREFIX "websockets-"

configure: exit 0
